2022-09-01 14:17:18.503 [restartedMain] WARN  io.undertow.websockets.jsr - UT026010: Buffer pool was not set on WebSocketDeploymentInfo, the default pool will be used
2022-09-01 14:17:22.210 [restartedMain] WARN  o.s.b.a.t.ThymeleafAutoConfiguration$DefaultTemplateResolverConfiguration - Cannot find template location: classpath:/templates/ (please add some templates or check your Thymeleaf configuration)
2022-09-01 14:17:22.535 [restartedMain] WARN  o.s.b.a.freemarker.FreeMarkerAutoConfiguration - Cannot find template location(s): [classpath:/templates/] (please add some templates, check your FreeMarker configuration, or set spring.freemarker.checkTemplateLocation=false)
2022-09-01 14:17:22.932 [restartedMain] WARN  s.d.s.r.operation.OperationImplicitParameterReader - Unable to interpret the implicit parameter configuration with dataType: String, dataTypeClass: class java.lang.Void
2022-09-01 14:17:22.963 [restartedMain] WARN  s.d.s.r.operation.OperationImplicitParameterReader - Unable to interpret the implicit parameter configuration with dataType: String, dataTypeClass: class java.lang.Void
2022-09-01 14:17:22.976 [restartedMain] WARN  s.d.s.r.operation.OperationImplicitParameterReader - Unable to interpret the implicit parameter configuration with dataType: int, dataTypeClass: class java.lang.Void
2022-09-01 14:17:22.977 [restartedMain] WARN  s.d.s.r.operation.OperationImplicitParameterReader - Unable to interpret the implicit parameter configuration with dataType: String, dataTypeClass: class java.lang.Void
2022-09-01 14:17:22.977 [restartedMain] WARN  s.d.s.r.operation.OperationImplicitParameterReader - Unable to interpret the implicit parameter configuration with dataType: int, dataTypeClass: class java.lang.Void
2022-09-01 14:17:22.977 [restartedMain] WARN  s.d.s.r.operation.OperationImplicitParameterReader - Unable to interpret the implicit parameter configuration with dataType: int, dataTypeClass: class java.lang.Void
2022-09-01 14:17:22.981 [restartedMain] WARN  s.d.s.r.operation.OperationImplicitParameterReader - Unable to interpret the implicit parameter configuration with dataType: String, dataTypeClass: class java.lang.Void
2022-09-01 14:17:22.987 [restartedMain] WARN  s.d.s.r.operation.OperationImplicitParameterReader - Unable to interpret the implicit parameter configuration with dataType: String, dataTypeClass: class java.lang.Void
2022-09-01 14:17:23.002 [restartedMain] WARN  s.d.s.r.operation.OperationImplicitParameterReader - Unable to interpret the implicit parameter configuration with dataType: String, dataTypeClass: class java.lang.Void
2022-09-01 14:17:23.003 [restartedMain] WARN  s.d.s.r.operation.OperationImplicitParameterReader - Unable to interpret the implicit parameter configuration with dataType: String, dataTypeClass: class java.lang.Void
2022-09-01 14:17:23.003 [restartedMain] WARN  s.d.s.r.operation.OperationImplicitParameterReader - Unable to interpret the implicit parameter configuration with dataType: String, dataTypeClass: class java.lang.Void
2022-09-01 14:17:23.005 [restartedMain] WARN  s.d.s.r.operation.OperationImplicitParameterReader - Unable to interpret the implicit parameter configuration with dataType: int, dataTypeClass: class java.lang.Void
2022-09-01 14:17:23.012 [restartedMain] WARN  s.d.s.r.operation.OperationImplicitParameterReader - Unable to interpret the implicit parameter configuration with dataType: String, dataTypeClass: class java.lang.Void
2022-09-01 14:17:23.014 [restartedMain] WARN  s.d.s.r.operation.OperationImplicitParameterReader - Unable to interpret the implicit parameter configuration with dataType: int, dataTypeClass: class java.lang.Void
2022-09-01 14:17:23.014 [restartedMain] WARN  s.d.s.r.operation.OperationImplicitParameterReader - Unable to interpret the implicit parameter configuration with dataType: int, dataTypeClass: class java.lang.Void
2022-09-01 14:17:23.016 [restartedMain] WARN  s.d.s.r.operation.OperationImplicitParameterReader - Unable to interpret the implicit parameter configuration with dataType: String, dataTypeClass: class java.lang.Void
2022-09-01 14:17:23.018 [restartedMain] WARN  s.d.s.r.operation.OperationImplicitParameterReader - Unable to interpret the implicit parameter configuration with dataType: int, dataTypeClass: class java.lang.Void
2022-09-01 14:17:23.018 [restartedMain] WARN  s.d.s.r.operation.OperationImplicitParameterReader - Unable to interpret the implicit parameter configuration with dataType: int, dataTypeClass: class java.lang.Void
2022-09-01 14:17:23.020 [restartedMain] WARN  s.d.s.r.operation.OperationImplicitParameterReader - Unable to interpret the implicit parameter configuration with dataType: String, dataTypeClass: class java.lang.Void
2022-09-01 14:17:23.022 [restartedMain] WARN  s.d.s.r.operation.OperationImplicitParameterReader - Unable to interpret the implicit parameter configuration with dataType: String, dataTypeClass: class java.lang.Void
2022-09-01 14:17:23.022 [restartedMain] WARN  s.d.s.r.operation.OperationImplicitParameterReader - Unable to interpret the implicit parameter configuration with dataType: String, dataTypeClass: class java.lang.Void
2022-09-01 14:17:23.022 [restartedMain] WARN  s.d.s.r.operation.OperationImplicitParameterReader - Unable to interpret the implicit parameter configuration with dataType: String, dataTypeClass: class java.lang.Void
2022-09-01 14:17:23.025 [restartedMain] WARN  s.d.s.r.operation.OperationImplicitParameterReader - Unable to interpret the implicit parameter configuration with dataType: String, dataTypeClass: class java.lang.Void
2022-09-01 14:17:23.025 [restartedMain] WARN  s.d.s.r.operation.OperationImplicitParameterReader - Unable to interpret the implicit parameter configuration with dataType: __file, dataTypeClass: class java.lang.Void
2022-09-01 14:17:23.025 [restartedMain] WARN  s.d.builders.FormParameterSpecificationProvider - Parameter should either be a simple or a content type
2022-09-01 14:17:23.030 [restartedMain] WARN  s.d.s.r.operation.OperationImplicitParameterReader - Unable to interpret the implicit parameter configuration with dataType: , dataTypeClass: class java.lang.Void
2022-09-01 14:17:23.035 [restartedMain] WARN  s.d.s.r.operation.OperationImplicitParameterReader - Unable to interpret the implicit parameter configuration with dataType: String, dataTypeClass: class java.lang.Void
2022-09-01 14:17:23.035 [restartedMain] WARN  s.d.s.r.operation.OperationImplicitParameterReader - Unable to interpret the implicit parameter configuration with dataType: String, dataTypeClass: class java.lang.Void
2022-09-01 14:17:23.035 [restartedMain] WARN  s.d.s.r.operation.OperationImplicitParameterReader - Unable to interpret the implicit parameter configuration with dataType: String, dataTypeClass: class java.lang.Void
2022-09-01 14:17:23.046 [restartedMain] WARN  s.d.s.r.operation.OperationImplicitParameterReader - Unable to interpret the implicit parameter configuration with dataType: String, dataTypeClass: class java.lang.Void
2022-09-01 14:17:23.047 [restartedMain] WARN  s.d.s.r.operation.OperationImplicitParameterReader - Unable to interpret the implicit parameter configuration with dataType: String, dataTypeClass: class java.lang.Void
2022-09-01 14:17:23.048 [restartedMain] WARN  s.d.s.r.operation.OperationImplicitParameterReader - Unable to interpret the implicit parameter configuration with dataType: Long, dataTypeClass: class java.lang.Void
2022-09-01 14:17:23.050 [restartedMain] WARN  s.d.s.r.operation.OperationImplicitParameterReader - Unable to interpret the implicit parameter configuration with dataType: String, dataTypeClass: class java.lang.Void
2022-09-01 14:17:23.051 [restartedMain] WARN  s.d.s.r.operation.OperationImplicitParameterReader - Unable to interpret the implicit parameter configuration with dataType: Long, dataTypeClass: class java.lang.Void
2022-09-01 14:17:23.053 [restartedMain] WARN  s.d.s.r.operation.OperationImplicitParameterReader - Unable to interpret the implicit parameter configuration with dataType: String, dataTypeClass: class java.lang.Void
2022-09-01 14:17:23.053 [restartedMain] WARN  s.d.s.r.operation.OperationImplicitParameterReader - Unable to interpret the implicit parameter configuration with dataType: String, dataTypeClass: class java.lang.Void
2022-09-01 14:17:23.056 [restartedMain] WARN  s.d.s.r.operation.OperationImplicitParameterReader - Unable to interpret the implicit parameter configuration with dataType: Long, dataTypeClass: class java.lang.Void
2022-09-01 14:17:23.064 [restartedMain] WARN  s.d.s.r.operation.OperationImplicitParameterReader - Unable to interpret the implicit parameter configuration with dataType: String, dataTypeClass: class java.lang.Void
2022-09-01 14:17:23.064 [restartedMain] WARN  s.d.s.r.operation.OperationImplicitParameterReader - Unable to interpret the implicit parameter configuration with dataType: String, dataTypeClass: class java.lang.Void
2022-09-01 14:17:23.065 [restartedMain] WARN  s.d.builders.FormParameterSpecificationProvider - Parameter should either be a simple or a content type
2022-09-01 14:17:23.065 [restartedMain] WARN  s.d.s.r.operation.OperationImplicitParameterReader - Unable to interpret the implicit parameter configuration with dataType: String, dataTypeClass: class java.lang.Void
2022-09-01 14:17:23.065 [restartedMain] WARN  s.d.builders.FormParameterSpecificationProvider - Parameter should either be a simple or a content type
2022-09-01 14:17:23.065 [restartedMain] WARN  s.d.s.r.operation.OperationImplicitParameterReader - Unable to interpret the implicit parameter configuration with dataType: String, dataTypeClass: class java.lang.Void
2022-09-01 14:17:23.065 [restartedMain] WARN  s.d.builders.FormParameterSpecificationProvider - Parameter should either be a simple or a content type
2022-09-01 14:17:23.065 [restartedMain] WARN  s.d.s.r.operation.OperationImplicitParameterReader - Unable to interpret the implicit parameter configuration with dataType: String, dataTypeClass: class java.lang.Void
2022-09-01 14:17:23.065 [restartedMain] WARN  s.d.builders.FormParameterSpecificationProvider - Parameter should either be a simple or a content type
2022-09-01 14:17:23.065 [restartedMain] WARN  s.d.s.r.operation.OperationImplicitParameterReader - Unable to interpret the implicit parameter configuration with dataType: String, dataTypeClass: class java.lang.Void
2022-09-01 14:17:23.066 [restartedMain] WARN  s.d.builders.FormParameterSpecificationProvider - Parameter should either be a simple or a content type
2022-09-01 14:17:23.066 [restartedMain] WARN  s.d.s.r.operation.OperationImplicitParameterReader - Unable to interpret the implicit parameter configuration with dataType: String, dataTypeClass: class java.lang.Void
2022-09-01 14:17:23.066 [restartedMain] WARN  s.d.builders.FormParameterSpecificationProvider - Parameter should either be a simple or a content type
2022-09-01 14:17:23.066 [restartedMain] WARN  s.d.s.r.operation.OperationImplicitParameterReader - Unable to interpret the implicit parameter configuration with dataType: String, dataTypeClass: class java.lang.Void
2022-09-01 14:17:23.066 [restartedMain] WARN  s.d.builders.FormParameterSpecificationProvider - Parameter should either be a simple or a content type
2022-09-01 14:17:23.066 [restartedMain] WARN  s.d.s.r.operation.OperationImplicitParameterReader - Unable to interpret the implicit parameter configuration with dataType: String, dataTypeClass: class java.lang.Void
2022-09-01 14:17:23.066 [restartedMain] WARN  s.d.builders.FormParameterSpecificationProvider - Parameter should either be a simple or a content type
2022-09-01 14:17:23.066 [restartedMain] WARN  s.d.s.r.operation.OperationImplicitParameterReader - Unable to interpret the implicit parameter configuration with dataType: String, dataTypeClass: class java.lang.Void
2022-09-01 14:17:23.066 [restartedMain] WARN  s.d.builders.FormParameterSpecificationProvider - Parameter should either be a simple or a content type
2022-09-01 14:17:23.067 [restartedMain] WARN  s.d.s.r.operation.OperationImplicitParameterReader - Unable to interpret the implicit parameter configuration with dataType: String, dataTypeClass: class java.lang.Void
2022-09-01 14:17:23.067 [restartedMain] WARN  s.d.builders.FormParameterSpecificationProvider - Parameter should either be a simple or a content type
2022-09-01 14:17:23.067 [restartedMain] WARN  s.d.s.r.operation.OperationImplicitParameterReader - Unable to interpret the implicit parameter configuration with dataType: String, dataTypeClass: class java.lang.Void
2022-09-01 14:17:23.067 [restartedMain] WARN  s.d.builders.FormParameterSpecificationProvider - Parameter should either be a simple or a content type
2022-09-01 14:17:23.067 [restartedMain] WARN  s.d.s.r.operation.OperationImplicitParameterReader - Unable to interpret the implicit parameter configuration with dataType: String, dataTypeClass: class java.lang.Void
2022-09-01 14:17:23.067 [restartedMain] WARN  s.d.builders.FormParameterSpecificationProvider - Parameter should either be a simple or a content type
2022-09-01 14:17:23.071 [restartedMain] WARN  s.d.s.r.operation.OperationImplicitParameterReader - Unable to interpret the implicit parameter configuration with dataType: String, dataTypeClass: class java.lang.Void
2022-09-01 14:17:23.072 [restartedMain] WARN  s.d.s.r.operation.OperationImplicitParameterReader - Unable to interpret the implicit parameter configuration with dataType: String, dataTypeClass: class java.lang.Void
2022-09-01 14:17:23.072 [restartedMain] WARN  s.d.s.r.operation.OperationImplicitParameterReader - Unable to interpret the implicit parameter configuration with dataType: String, dataTypeClass: class java.lang.Void
2022-09-01 14:17:23.072 [restartedMain] WARN  s.d.s.r.operation.OperationImplicitParameterReader - Unable to interpret the implicit parameter configuration with dataType: String, dataTypeClass: class java.lang.Void
2022-09-01 14:17:23.072 [restartedMain] WARN  s.d.s.r.operation.OperationImplicitParameterReader - Unable to interpret the implicit parameter configuration with dataType: String, dataTypeClass: class java.lang.Void
2022-09-01 14:17:23.072 [restartedMain] WARN  s.d.s.r.operation.OperationImplicitParameterReader - Unable to interpret the implicit parameter configuration with dataType: boolean, dataTypeClass: class java.lang.Void
2022-09-01 14:17:23.073 [restartedMain] WARN  s.d.s.r.operation.OperationImplicitParameterReader - Unable to interpret the implicit parameter configuration with dataType: Integer, dataTypeClass: class java.lang.Void
2022-09-01 14:17:23.073 [restartedMain] WARN  s.d.s.r.operation.OperationImplicitParameterReader - Unable to interpret the implicit parameter configuration with dataType: Integer, dataTypeClass: class java.lang.Void
2022-09-01 14:17:23.073 [restartedMain] WARN  s.d.s.r.operation.OperationImplicitParameterReader - Unable to interpret the implicit parameter configuration with dataType: Integer, dataTypeClass: class java.lang.Void
2022-09-01 14:17:23.077 [restartedMain] WARN  s.d.s.r.operation.OperationImplicitParameterReader - Unable to interpret the implicit parameter configuration with dataType: String, dataTypeClass: class java.lang.Void
2022-09-01 14:17:23.078 [restartedMain] WARN  s.d.s.r.operation.OperationImplicitParameterReader - Unable to interpret the implicit parameter configuration with dataType: String, dataTypeClass: class java.lang.Void
2022-09-01 14:17:23.081 [restartedMain] WARN  s.d.s.r.operation.OperationImplicitParameterReader - Unable to interpret the implicit parameter configuration with dataType: String, dataTypeClass: class java.lang.Void
2022-09-01 14:17:23.081 [restartedMain] WARN  s.d.s.r.operation.OperationImplicitParameterReader - Unable to interpret the implicit parameter configuration with dataType: String, dataTypeClass: class java.lang.Void
2022-09-01 14:17:23.083 [restartedMain] WARN  s.d.s.r.operation.OperationImplicitParameterReader - Unable to interpret the implicit parameter configuration with dataType: String, dataTypeClass: class java.lang.Void
2022-09-01 14:17:23.084 [restartedMain] WARN  s.d.s.r.operation.OperationImplicitParameterReader - Unable to interpret the implicit parameter configuration with dataType: String, dataTypeClass: class java.lang.Void
2022-09-01 14:17:23.085 [restartedMain] WARN  s.d.s.r.operation.OperationImplicitParameterReader - Unable to interpret the implicit parameter configuration with dataType: __file, dataTypeClass: class java.lang.Void
2022-09-01 14:17:23.085 [restartedMain] WARN  s.d.builders.FormParameterSpecificationProvider - Parameter should either be a simple or a content type
2022-09-01 14:17:23.088 [restartedMain] WARN  s.d.s.r.operation.OperationImplicitParameterReader - Unable to interpret the implicit parameter configuration with dataType: String, dataTypeClass: class java.lang.Void
2022-09-01 14:17:23.089 [restartedMain] WARN  s.d.s.r.operation.OperationImplicitParameterReader - Unable to interpret the implicit parameter configuration with dataType: String, dataTypeClass: class java.lang.Void
2022-09-01 14:17:23.092 [restartedMain] WARN  s.d.s.r.operation.OperationImplicitParameterReader - Unable to interpret the implicit parameter configuration with dataType: String, dataTypeClass: class java.lang.Void
2022-09-01 14:17:23.092 [restartedMain] WARN  s.d.builders.FormParameterSpecificationProvider - Parameter should either be a simple or a content type
2022-09-01 14:17:23.092 [restartedMain] WARN  s.d.s.r.operation.OperationImplicitParameterReader - Unable to interpret the implicit parameter configuration with dataType: String, dataTypeClass: class java.lang.Void
2022-09-01 14:17:23.092 [restartedMain] WARN  s.d.builders.FormParameterSpecificationProvider - Parameter should either be a simple or a content type
2022-09-01 14:17:23.092 [restartedMain] WARN  s.d.s.r.operation.OperationImplicitParameterReader - Unable to interpret the implicit parameter configuration with dataType: String, dataTypeClass: class java.lang.Void
2022-09-01 14:17:23.092 [restartedMain] WARN  s.d.builders.FormParameterSpecificationProvider - Parameter should either be a simple or a content type
2022-09-01 14:17:23.093 [restartedMain] WARN  s.d.s.r.operation.OperationImplicitParameterReader - Unable to interpret the implicit parameter configuration with dataType: String, dataTypeClass: class java.lang.Void
2022-09-01 14:17:23.093 [restartedMain] WARN  s.d.builders.FormParameterSpecificationProvider - Parameter should either be a simple or a content type
2022-09-01 14:17:23.106 [restartedMain] WARN  s.d.s.r.operation.OperationImplicitParameterReader - Unable to interpret the implicit parameter configuration with dataType: String, dataTypeClass: class java.lang.Void
2022-09-01 14:17:23.106 [restartedMain] WARN  s.d.builders.FormParameterSpecificationProvider - Parameter should either be a simple or a content type
2022-09-01 14:17:23.106 [restartedMain] WARN  s.d.s.r.operation.OperationImplicitParameterReader - Unable to interpret the implicit parameter configuration with dataType: String, dataTypeClass: class java.lang.Void
2022-09-01 14:17:23.106 [restartedMain] WARN  s.d.builders.FormParameterSpecificationProvider - Parameter should either be a simple or a content type
2022-09-01 14:17:23.106 [restartedMain] WARN  s.d.s.r.operation.OperationImplicitParameterReader - Unable to interpret the implicit parameter configuration with dataType: String, dataTypeClass: class java.lang.Void
2022-09-01 14:17:23.106 [restartedMain] WARN  s.d.builders.FormParameterSpecificationProvider - Parameter should either be a simple or a content type
2022-09-01 14:17:23.108 [restartedMain] WARN  s.d.s.r.operation.OperationImplicitParameterReader - Unable to interpret the implicit parameter configuration with dataType: String, dataTypeClass: class java.lang.Void
2022-09-01 14:17:23.110 [restartedMain] WARN  s.d.s.r.operation.OperationImplicitParameterReader - Unable to interpret the implicit parameter configuration with dataType: , dataTypeClass: class java.lang.Void
2022-09-01 14:17:23.110 [restartedMain] WARN  s.d.builders.FormParameterSpecificationProvider - Parameter should either be a simple or a content type
2022-09-01 14:17:23.113 [restartedMain] WARN  s.d.s.r.operation.OperationImplicitParameterReader - Unable to interpret the implicit parameter configuration with dataType: String, dataTypeClass: class java.lang.Void
2022-09-01 14:17:23.113 [restartedMain] WARN  s.d.builders.FormParameterSpecificationProvider - Parameter should either be a simple or a content type
2022-09-01 14:17:23.113 [restartedMain] WARN  s.d.s.r.operation.OperationImplicitParameterReader - Unable to interpret the implicit parameter configuration with dataType: String, dataTypeClass: class java.lang.Void
2022-09-01 14:17:23.113 [restartedMain] WARN  s.d.builders.FormParameterSpecificationProvider - Parameter should either be a simple or a content type
2022-09-01 14:17:23.115 [restartedMain] WARN  s.d.s.r.operation.OperationImplicitParameterReader - Unable to interpret the implicit parameter configuration with dataType: string, dataTypeClass: class java.lang.Void
2022-09-01 14:17:23.124 [restartedMain] WARN  s.d.s.r.operation.OperationImplicitParameterReader - Unable to interpret the implicit parameter configuration with dataType: String, dataTypeClass: class java.lang.Void
2022-09-01 14:17:23.124 [restartedMain] WARN  s.d.builders.FormParameterSpecificationProvider - Parameter should either be a simple or a content type
2022-09-01 14:17:23.124 [restartedMain] WARN  s.d.s.r.operation.OperationImplicitParameterReader - Unable to interpret the implicit parameter configuration with dataType: String, dataTypeClass: class java.lang.Void
2022-09-01 14:17:23.124 [restartedMain] WARN  s.d.builders.FormParameterSpecificationProvider - Parameter should either be a simple or a content type
2022-09-01 14:17:23.125 [restartedMain] WARN  s.d.s.r.operation.OperationImplicitParameterReader - Unable to interpret the implicit parameter configuration with dataType: String, dataTypeClass: class java.lang.Void
2022-09-01 14:17:24.481 [XNIO-1 task-1] WARN  org.apache.shiro.mgt.AbstractRememberMeManager - There was a failure while trying to retrieve remembered principals.  This could be due to a configuration problem or corrupted principals.  This could also be due to a recently changed encryption key, if you are using a shiro.ini file, this property would be 'securityManager.rememberMeManager.cipherKey' see: http://shiro.apache.org/web.html#Web-RememberMeServices. The remembered identity will be forgotten and not used for this request.
2022-09-01 14:17:24.491 [XNIO-1 task-1] WARN  org.apache.shiro.mgt.DefaultSecurityManager - Delegate RememberMeManager instance of type [org.apache.shiro.web.mgt.CookieRememberMeManager] threw an exception during getRememberedPrincipals().
org.apache.shiro.crypto.CryptoException: Unable to execute 'doFinal' with cipher instance [javax.crypto.Cipher@d4fbb75].
	at org.apache.shiro.crypto.JcaCipherService.crypt(JcaCipherService.java:462)
	at org.apache.shiro.crypto.JcaCipherService.crypt(JcaCipherService.java:445)
	at org.apache.shiro.crypto.JcaCipherService.decrypt(JcaCipherService.java:390)
	at org.apache.shiro.crypto.JcaCipherService.decrypt(JcaCipherService.java:382)
	at org.apache.shiro.mgt.AbstractRememberMeManager.decrypt(AbstractRememberMeManager.java:482)
	at org.apache.shiro.mgt.AbstractRememberMeManager.convertBytesToPrincipals(AbstractRememberMeManager.java:419)
	at org.apache.shiro.mgt.AbstractRememberMeManager.getRememberedPrincipals(AbstractRememberMeManager.java:386)
	at org.apache.shiro.mgt.DefaultSecurityManager.getRememberedIdentity(DefaultSecurityManager.java:604)
	at org.apache.shiro.mgt.DefaultSecurityManager.resolvePrincipals(DefaultSecurityManager.java:492)
	at org.apache.shiro.mgt.DefaultSecurityManager.createSubject(DefaultSecurityManager.java:342)
	at org.apache.shiro.subject.Subject$Builder.buildSubject(Subject.java:846)
	at org.apache.shiro.web.subject.WebSubject$Builder.buildWebSubject(WebSubject.java:148)
	at org.apache.shiro.web.servlet.AbstractShiroFilter.createSubject(AbstractShiroFilter.java:292)
	at org.apache.shiro.web.servlet.AbstractShiroFilter.doFilterInternal(AbstractShiroFilter.java:359)
	at org.apache.shiro.web.servlet.OncePerRequestFilter.doFilter(OncePerRequestFilter.java:125)
	at io.undertow.servlet.core.ManagedFilter.doFilter(ManagedFilter.java:61)
	at io.undertow.servlet.handlers.FilterHandler$FilterChainImpl.doFilter(FilterHandler.java:131)
	at org.springframework.web.filter.RequestContextFilter.doFilterInternal(RequestContextFilter.java:100)
	at org.springframework.web.filter.OncePerRequestFilter.doFilter(OncePerRequestFilter.java:119)
	at io.undertow.servlet.core.ManagedFilter.doFilter(ManagedFilter.java:61)
	at io.undertow.servlet.handlers.FilterHandler$FilterChainImpl.doFilter(FilterHandler.java:131)
	at org.springframework.web.filter.FormContentFilter.doFilterInternal(FormContentFilter.java:93)
	at org.springframework.web.filter.OncePerRequestFilter.doFilter(OncePerRequestFilter.java:119)
	at io.undertow.servlet.core.ManagedFilter.doFilter(ManagedFilter.java:61)
	at io.undertow.servlet.handlers.FilterHandler$FilterChainImpl.doFilter(FilterHandler.java:131)
	at org.springframework.boot.actuate.metrics.web.servlet.WebMvcMetricsFilter.doFilterInternal(WebMvcMetricsFilter.java:109)
	at org.springframework.web.filter.OncePerRequestFilter.doFilter(OncePerRequestFilter.java:119)
	at io.undertow.servlet.core.ManagedFilter.doFilter(ManagedFilter.java:61)
	at io.undertow.servlet.handlers.FilterHandler$FilterChainImpl.doFilter(FilterHandler.java:131)
	at org.springframework.web.filter.CharacterEncodingFilter.doFilterInternal(CharacterEncodingFilter.java:201)
	at org.springframework.web.filter.OncePerRequestFilter.doFilter(OncePerRequestFilter.java:119)
	at io.undertow.servlet.core.ManagedFilter.doFilter(ManagedFilter.java:61)
	at io.undertow.servlet.handlers.FilterHandler$FilterChainImpl.doFilter(FilterHandler.java:131)
	at io.undertow.servlet.handlers.FilterHandler.handleRequest(FilterHandler.java:84)
	at io.undertow.servlet.handlers.security.ServletSecurityRoleHandler.handleRequest(ServletSecurityRoleHandler.java:62)
	at io.undertow.servlet.handlers.ServletChain$1.handleRequest(ServletChain.java:68)
	at io.undertow.servlet.handlers.ServletDispatchingHandler.handleRequest(ServletDispatchingHandler.java:36)
	at io.undertow.servlet.handlers.RedirectDirHandler.handleRequest(RedirectDirHandler.java:68)
	at io.undertow.servlet.handlers.security.SSLInformationAssociationHandler.handleRequest(SSLInformationAssociationHandler.java:132)
	at io.undertow.servlet.handlers.security.ServletAuthenticationCallHandler.handleRequest(ServletAuthenticationCallHandler.java:57)
	at io.undertow.server.handlers.PredicateHandler.handleRequest(PredicateHandler.java:43)
	at io.undertow.security.handlers.AbstractConfidentialityHandler.handleRequest(AbstractConfidentialityHandler.java:46)
	at io.undertow.servlet.handlers.security.ServletConfidentialityConstraintHandler.handleRequest(ServletConfidentialityConstraintHandler.java:64)
	at io.undertow.security.handlers.AuthenticationMechanismsHandler.handleRequest(AuthenticationMechanismsHandler.java:60)
	at io.undertow.servlet.handlers.security.CachedAuthenticatedSessionHandler.handleRequest(CachedAuthenticatedSessionHandler.java:77)
	at io.undertow.security.handlers.AbstractSecurityContextAssociationHandler.handleRequest(AbstractSecurityContextAssociationHandler.java:43)
	at io.undertow.server.handlers.PredicateHandler.handleRequest(PredicateHandler.java:43)
	at io.undertow.server.handlers.PredicateHandler.handleRequest(PredicateHandler.java:43)
	at io.undertow.servlet.handlers.SessionRestoringHandler.handleRequest(SessionRestoringHandler.java:119)
	at io.undertow.servlet.handlers.ServletInitialHandler.handleFirstRequest(ServletInitialHandler.java:269)
	at io.undertow.servlet.handlers.ServletInitialHandler.access$100(ServletInitialHandler.java:78)
	at io.undertow.servlet.handlers.ServletInitialHandler$2.call(ServletInitialHandler.java:133)
	at io.undertow.servlet.handlers.ServletInitialHandler$2.call(ServletInitialHandler.java:130)
	at io.undertow.servlet.core.ServletRequestContextThreadSetupAction$1.call(ServletRequestContextThreadSetupAction.java:48)
	at io.undertow.servlet.core.ContextClassLoaderSetupAction$1.call(ContextClassLoaderSetupAction.java:43)
	at io.undertow.servlet.handlers.ServletInitialHandler.dispatchRequest(ServletInitialHandler.java:249)
	at io.undertow.servlet.handlers.ServletInitialHandler.access$000(ServletInitialHandler.java:78)
	at io.undertow.servlet.handlers.ServletInitialHandler$1.handleRequest(ServletInitialHandler.java:99)
	at io.undertow.server.Connectors.executeRootHandler(Connectors.java:376)
	at io.undertow.server.HttpServerExchange$1.run(HttpServerExchange.java:830)
	at java.util.concurrent.ThreadPoolExecutor.runWorker(ThreadPoolExecutor.java:1149)
	at java.util.concurrent.ThreadPoolExecutor$Worker.run(ThreadPoolExecutor.java:624)
	at java.lang.Thread.run(Thread.java:748)
Caused by: javax.crypto.BadPaddingException: Given final block not properly padded. Such issues can arise if a bad key is used during decryption.
	at com.sun.crypto.provider.CipherCore.doFinal(CipherCore.java:991)
	at com.sun.crypto.provider.CipherCore.doFinal(CipherCore.java:847)
	at com.sun.crypto.provider.AESCipher.engineDoFinal(AESCipher.java:446)
	at javax.crypto.Cipher.doFinal(Cipher.java:2164)
	at org.apache.shiro.crypto.JcaCipherService.crypt(JcaCipherService.java:459)
	... 62 common frames omitted
2022-09-01 14:19:09.736 [restartedMain] WARN  io.undertow.websockets.jsr - UT026010: Buffer pool was not set on WebSocketDeploymentInfo, the default pool will be used
2022-09-01 14:19:11.924 [restartedMain] WARN  o.s.b.a.t.ThymeleafAutoConfiguration$DefaultTemplateResolverConfiguration - Cannot find template location: classpath:/templates/ (please add some templates or check your Thymeleaf configuration)
2022-09-01 14:19:12.099 [restartedMain] WARN  o.s.b.a.freemarker.FreeMarkerAutoConfiguration - Cannot find template location(s): [classpath:/templates/] (please add some templates, check your FreeMarker configuration, or set spring.freemarker.checkTemplateLocation=false)
2022-09-01 14:19:12.351 [restartedMain] WARN  s.d.s.r.operation.OperationImplicitParameterReader - Unable to interpret the implicit parameter configuration with dataType: String, dataTypeClass: class java.lang.Void
2022-09-01 14:19:12.370 [restartedMain] WARN  s.d.s.r.operation.OperationImplicitParameterReader - Unable to interpret the implicit parameter configuration with dataType: String, dataTypeClass: class java.lang.Void
2022-09-01 14:19:12.383 [restartedMain] WARN  s.d.s.r.operation.OperationImplicitParameterReader - Unable to interpret the implicit parameter configuration with dataType: int, dataTypeClass: class java.lang.Void
2022-09-01 14:19:12.384 [restartedMain] WARN  s.d.s.r.operation.OperationImplicitParameterReader - Unable to interpret the implicit parameter configuration with dataType: String, dataTypeClass: class java.lang.Void
2022-09-01 14:19:12.384 [restartedMain] WARN  s.d.s.r.operation.OperationImplicitParameterReader - Unable to interpret the implicit parameter configuration with dataType: int, dataTypeClass: class java.lang.Void
2022-09-01 14:19:12.384 [restartedMain] WARN  s.d.s.r.operation.OperationImplicitParameterReader - Unable to interpret the implicit parameter configuration with dataType: int, dataTypeClass: class java.lang.Void
2022-09-01 14:19:12.388 [restartedMain] WARN  s.d.s.r.operation.OperationImplicitParameterReader - Unable to interpret the implicit parameter configuration with dataType: String, dataTypeClass: class java.lang.Void
2022-09-01 14:19:12.394 [restartedMain] WARN  s.d.s.r.operation.OperationImplicitParameterReader - Unable to interpret the implicit parameter configuration with dataType: String, dataTypeClass: class java.lang.Void
2022-09-01 14:19:12.416 [restartedMain] WARN  s.d.s.r.operation.OperationImplicitParameterReader - Unable to interpret the implicit parameter configuration with dataType: String, dataTypeClass: class java.lang.Void
2022-09-01 14:19:12.416 [restartedMain] WARN  s.d.s.r.operation.OperationImplicitParameterReader - Unable to interpret the implicit parameter configuration with dataType: String, dataTypeClass: class java.lang.Void
2022-09-01 14:19:12.416 [restartedMain] WARN  s.d.s.r.operation.OperationImplicitParameterReader - Unable to interpret the implicit parameter configuration with dataType: String, dataTypeClass: class java.lang.Void
2022-09-01 14:19:12.419 [restartedMain] WARN  s.d.s.r.operation.OperationImplicitParameterReader - Unable to interpret the implicit parameter configuration with dataType: int, dataTypeClass: class java.lang.Void
2022-09-01 14:19:12.424 [restartedMain] WARN  s.d.s.r.operation.OperationImplicitParameterReader - Unable to interpret the implicit parameter configuration with dataType: String, dataTypeClass: class java.lang.Void
2022-09-01 14:19:12.426 [restartedMain] WARN  s.d.s.r.operation.OperationImplicitParameterReader - Unable to interpret the implicit parameter configuration with dataType: int, dataTypeClass: class java.lang.Void
2022-09-01 14:19:12.426 [restartedMain] WARN  s.d.s.r.operation.OperationImplicitParameterReader - Unable to interpret the implicit parameter configuration with dataType: int, dataTypeClass: class java.lang.Void
2022-09-01 14:19:12.428 [restartedMain] WARN  s.d.s.r.operation.OperationImplicitParameterReader - Unable to interpret the implicit parameter configuration with dataType: String, dataTypeClass: class java.lang.Void
2022-09-01 14:19:12.430 [restartedMain] WARN  s.d.s.r.operation.OperationImplicitParameterReader - Unable to interpret the implicit parameter configuration with dataType: int, dataTypeClass: class java.lang.Void
2022-09-01 14:19:12.430 [restartedMain] WARN  s.d.s.r.operation.OperationImplicitParameterReader - Unable to interpret the implicit parameter configuration with dataType: int, dataTypeClass: class java.lang.Void
2022-09-01 14:19:12.431 [restartedMain] WARN  s.d.s.r.operation.OperationImplicitParameterReader - Unable to interpret the implicit parameter configuration with dataType: String, dataTypeClass: class java.lang.Void
2022-09-01 14:19:12.433 [restartedMain] WARN  s.d.s.r.operation.OperationImplicitParameterReader - Unable to interpret the implicit parameter configuration with dataType: String, dataTypeClass: class java.lang.Void
2022-09-01 14:19:12.433 [restartedMain] WARN  s.d.s.r.operation.OperationImplicitParameterReader - Unable to interpret the implicit parameter configuration with dataType: String, dataTypeClass: class java.lang.Void
2022-09-01 14:19:12.433 [restartedMain] WARN  s.d.s.r.operation.OperationImplicitParameterReader - Unable to interpret the implicit parameter configuration with dataType: String, dataTypeClass: class java.lang.Void
2022-09-01 14:19:12.437 [restartedMain] WARN  s.d.s.r.operation.OperationImplicitParameterReader - Unable to interpret the implicit parameter configuration with dataType: String, dataTypeClass: class java.lang.Void
2022-09-01 14:19:12.437 [restartedMain] WARN  s.d.s.r.operation.OperationImplicitParameterReader - Unable to interpret the implicit parameter configuration with dataType: __file, dataTypeClass: class java.lang.Void
2022-09-01 14:19:12.437 [restartedMain] WARN  s.d.builders.FormParameterSpecificationProvider - Parameter should either be a simple or a content type
2022-09-01 14:19:12.442 [restartedMain] WARN  s.d.s.r.operation.OperationImplicitParameterReader - Unable to interpret the implicit parameter configuration with dataType: , dataTypeClass: class java.lang.Void
2022-09-01 14:19:12.447 [restartedMain] WARN  s.d.s.r.operation.OperationImplicitParameterReader - Unable to interpret the implicit parameter configuration with dataType: String, dataTypeClass: class java.lang.Void
2022-09-01 14:19:12.447 [restartedMain] WARN  s.d.s.r.operation.OperationImplicitParameterReader - Unable to interpret the implicit parameter configuration with dataType: String, dataTypeClass: class java.lang.Void
2022-09-01 14:19:12.447 [restartedMain] WARN  s.d.s.r.operation.OperationImplicitParameterReader - Unable to interpret the implicit parameter configuration with dataType: String, dataTypeClass: class java.lang.Void
2022-09-01 14:19:12.458 [restartedMain] WARN  s.d.s.r.operation.OperationImplicitParameterReader - Unable to interpret the implicit parameter configuration with dataType: String, dataTypeClass: class java.lang.Void
2022-09-01 14:19:12.458 [restartedMain] WARN  s.d.s.r.operation.OperationImplicitParameterReader - Unable to interpret the implicit parameter configuration with dataType: String, dataTypeClass: class java.lang.Void
2022-09-01 14:19:12.460 [restartedMain] WARN  s.d.s.r.operation.OperationImplicitParameterReader - Unable to interpret the implicit parameter configuration with dataType: Long, dataTypeClass: class java.lang.Void
2022-09-01 14:19:12.461 [restartedMain] WARN  s.d.s.r.operation.OperationImplicitParameterReader - Unable to interpret the implicit parameter configuration with dataType: String, dataTypeClass: class java.lang.Void
2022-09-01 14:19:12.462 [restartedMain] WARN  s.d.s.r.operation.OperationImplicitParameterReader - Unable to interpret the implicit parameter configuration with dataType: Long, dataTypeClass: class java.lang.Void
2022-09-01 14:19:12.464 [restartedMain] WARN  s.d.s.r.operation.OperationImplicitParameterReader - Unable to interpret the implicit parameter configuration with dataType: String, dataTypeClass: class java.lang.Void
2022-09-01 14:19:12.464 [restartedMain] WARN  s.d.s.r.operation.OperationImplicitParameterReader - Unable to interpret the implicit parameter configuration with dataType: String, dataTypeClass: class java.lang.Void
2022-09-01 14:19:12.468 [restartedMain] WARN  s.d.s.r.operation.OperationImplicitParameterReader - Unable to interpret the implicit parameter configuration with dataType: Long, dataTypeClass: class java.lang.Void
2022-09-01 14:19:12.477 [restartedMain] WARN  s.d.s.r.operation.OperationImplicitParameterReader - Unable to interpret the implicit parameter configuration with dataType: String, dataTypeClass: class java.lang.Void
2022-09-01 14:19:12.477 [restartedMain] WARN  s.d.s.r.operation.OperationImplicitParameterReader - Unable to interpret the implicit parameter configuration with dataType: String, dataTypeClass: class java.lang.Void
2022-09-01 14:19:12.477 [restartedMain] WARN  s.d.builders.FormParameterSpecificationProvider - Parameter should either be a simple or a content type
2022-09-01 14:19:12.477 [restartedMain] WARN  s.d.s.r.operation.OperationImplicitParameterReader - Unable to interpret the implicit parameter configuration with dataType: String, dataTypeClass: class java.lang.Void
2022-09-01 14:19:12.477 [restartedMain] WARN  s.d.builders.FormParameterSpecificationProvider - Parameter should either be a simple or a content type
2022-09-01 14:19:12.477 [restartedMain] WARN  s.d.s.r.operation.OperationImplicitParameterReader - Unable to interpret the implicit parameter configuration with dataType: String, dataTypeClass: class java.lang.Void
2022-09-01 14:19:12.478 [restartedMain] WARN  s.d.builders.FormParameterSpecificationProvider - Parameter should either be a simple or a content type
2022-09-01 14:19:12.478 [restartedMain] WARN  s.d.s.r.operation.OperationImplicitParameterReader - Unable to interpret the implicit parameter configuration with dataType: String, dataTypeClass: class java.lang.Void
2022-09-01 14:19:12.478 [restartedMain] WARN  s.d.builders.FormParameterSpecificationProvider - Parameter should either be a simple or a content type
2022-09-01 14:19:12.478 [restartedMain] WARN  s.d.s.r.operation.OperationImplicitParameterReader - Unable to interpret the implicit parameter configuration with dataType: String, dataTypeClass: class java.lang.Void
2022-09-01 14:19:12.478 [restartedMain] WARN  s.d.builders.FormParameterSpecificationProvider - Parameter should either be a simple or a content type
2022-09-01 14:19:12.478 [restartedMain] WARN  s.d.s.r.operation.OperationImplicitParameterReader - Unable to interpret the implicit parameter configuration with dataType: String, dataTypeClass: class java.lang.Void
2022-09-01 14:19:12.478 [restartedMain] WARN  s.d.builders.FormParameterSpecificationProvider - Parameter should either be a simple or a content type
2022-09-01 14:19:12.478 [restartedMain] WARN  s.d.s.r.operation.OperationImplicitParameterReader - Unable to interpret the implicit parameter configuration with dataType: String, dataTypeClass: class java.lang.Void
2022-09-01 14:19:12.479 [restartedMain] WARN  s.d.builders.FormParameterSpecificationProvider - Parameter should either be a simple or a content type
2022-09-01 14:19:12.479 [restartedMain] WARN  s.d.s.r.operation.OperationImplicitParameterReader - Unable to interpret the implicit parameter configuration with dataType: String, dataTypeClass: class java.lang.Void
2022-09-01 14:19:12.479 [restartedMain] WARN  s.d.builders.FormParameterSpecificationProvider - Parameter should either be a simple or a content type
2022-09-01 14:19:12.479 [restartedMain] WARN  s.d.s.r.operation.OperationImplicitParameterReader - Unable to interpret the implicit parameter configuration with dataType: String, dataTypeClass: class java.lang.Void
2022-09-01 14:19:12.479 [restartedMain] WARN  s.d.builders.FormParameterSpecificationProvider - Parameter should either be a simple or a content type
2022-09-01 14:19:12.479 [restartedMain] WARN  s.d.s.r.operation.OperationImplicitParameterReader - Unable to interpret the implicit parameter configuration with dataType: String, dataTypeClass: class java.lang.Void
2022-09-01 14:19:12.479 [restartedMain] WARN  s.d.builders.FormParameterSpecificationProvider - Parameter should either be a simple or a content type
2022-09-01 14:19:12.479 [restartedMain] WARN  s.d.s.r.operation.OperationImplicitParameterReader - Unable to interpret the implicit parameter configuration with dataType: String, dataTypeClass: class java.lang.Void
2022-09-01 14:19:12.480 [restartedMain] WARN  s.d.builders.FormParameterSpecificationProvider - Parameter should either be a simple or a content type
2022-09-01 14:19:12.480 [restartedMain] WARN  s.d.s.r.operation.OperationImplicitParameterReader - Unable to interpret the implicit parameter configuration with dataType: String, dataTypeClass: class java.lang.Void
2022-09-01 14:19:12.480 [restartedMain] WARN  s.d.builders.FormParameterSpecificationProvider - Parameter should either be a simple or a content type
2022-09-01 14:19:12.484 [restartedMain] WARN  s.d.s.r.operation.OperationImplicitParameterReader - Unable to interpret the implicit parameter configuration with dataType: String, dataTypeClass: class java.lang.Void
2022-09-01 14:19:12.484 [restartedMain] WARN  s.d.s.r.operation.OperationImplicitParameterReader - Unable to interpret the implicit parameter configuration with dataType: String, dataTypeClass: class java.lang.Void
2022-09-01 14:19:12.485 [restartedMain] WARN  s.d.s.r.operation.OperationImplicitParameterReader - Unable to interpret the implicit parameter configuration with dataType: String, dataTypeClass: class java.lang.Void
2022-09-01 14:19:12.485 [restartedMain] WARN  s.d.s.r.operation.OperationImplicitParameterReader - Unable to interpret the implicit parameter configuration with dataType: String, dataTypeClass: class java.lang.Void
2022-09-01 14:19:12.485 [restartedMain] WARN  s.d.s.r.operation.OperationImplicitParameterReader - Unable to interpret the implicit parameter configuration with dataType: String, dataTypeClass: class java.lang.Void
2022-09-01 14:19:12.485 [restartedMain] WARN  s.d.s.r.operation.OperationImplicitParameterReader - Unable to interpret the implicit parameter configuration with dataType: boolean, dataTypeClass: class java.lang.Void
2022-09-01 14:19:12.485 [restartedMain] WARN  s.d.s.r.operation.OperationImplicitParameterReader - Unable to interpret the implicit parameter configuration with dataType: Integer, dataTypeClass: class java.lang.Void
2022-09-01 14:19:12.486 [restartedMain] WARN  s.d.s.r.operation.OperationImplicitParameterReader - Unable to interpret the implicit parameter configuration with dataType: Integer, dataTypeClass: class java.lang.Void
2022-09-01 14:19:12.486 [restartedMain] WARN  s.d.s.r.operation.OperationImplicitParameterReader - Unable to interpret the implicit parameter configuration with dataType: Integer, dataTypeClass: class java.lang.Void
2022-09-01 14:19:12.490 [restartedMain] WARN  s.d.s.r.operation.OperationImplicitParameterReader - Unable to interpret the implicit parameter configuration with dataType: String, dataTypeClass: class java.lang.Void
2022-09-01 14:19:12.490 [restartedMain] WARN  s.d.s.r.operation.OperationImplicitParameterReader - Unable to interpret the implicit parameter configuration with dataType: String, dataTypeClass: class java.lang.Void
2022-09-01 14:19:12.493 [restartedMain] WARN  s.d.s.r.operation.OperationImplicitParameterReader - Unable to interpret the implicit parameter configuration with dataType: String, dataTypeClass: class java.lang.Void
2022-09-01 14:19:12.494 [restartedMain] WARN  s.d.s.r.operation.OperationImplicitParameterReader - Unable to interpret the implicit parameter configuration with dataType: String, dataTypeClass: class java.lang.Void
2022-09-01 14:19:12.495 [restartedMain] WARN  s.d.s.r.operation.OperationImplicitParameterReader - Unable to interpret the implicit parameter configuration with dataType: String, dataTypeClass: class java.lang.Void
2022-09-01 14:19:12.496 [restartedMain] WARN  s.d.s.r.operation.OperationImplicitParameterReader - Unable to interpret the implicit parameter configuration with dataType: String, dataTypeClass: class java.lang.Void
2022-09-01 14:19:12.497 [restartedMain] WARN  s.d.s.r.operation.OperationImplicitParameterReader - Unable to interpret the implicit parameter configuration with dataType: __file, dataTypeClass: class java.lang.Void
2022-09-01 14:19:12.497 [restartedMain] WARN  s.d.builders.FormParameterSpecificationProvider - Parameter should either be a simple or a content type
2022-09-01 14:19:12.500 [restartedMain] WARN  s.d.s.r.operation.OperationImplicitParameterReader - Unable to interpret the implicit parameter configuration with dataType: String, dataTypeClass: class java.lang.Void
2022-09-01 14:19:12.501 [restartedMain] WARN  s.d.s.r.operation.OperationImplicitParameterReader - Unable to interpret the implicit parameter configuration with dataType: String, dataTypeClass: class java.lang.Void
2022-09-01 14:19:12.504 [restartedMain] WARN  s.d.s.r.operation.OperationImplicitParameterReader - Unable to interpret the implicit parameter configuration with dataType: String, dataTypeClass: class java.lang.Void
2022-09-01 14:19:12.504 [restartedMain] WARN  s.d.builders.FormParameterSpecificationProvider - Parameter should either be a simple or a content type
2022-09-01 14:19:12.504 [restartedMain] WARN  s.d.s.r.operation.OperationImplicitParameterReader - Unable to interpret the implicit parameter configuration with dataType: String, dataTypeClass: class java.lang.Void
2022-09-01 14:19:12.505 [restartedMain] WARN  s.d.builders.FormParameterSpecificationProvider - Parameter should either be a simple or a content type
2022-09-01 14:19:12.505 [restartedMain] WARN  s.d.s.r.operation.OperationImplicitParameterReader - Unable to interpret the implicit parameter configuration with dataType: String, dataTypeClass: class java.lang.Void
2022-09-01 14:19:12.505 [restartedMain] WARN  s.d.builders.FormParameterSpecificationProvider - Parameter should either be a simple or a content type
2022-09-01 14:19:12.505 [restartedMain] WARN  s.d.s.r.operation.OperationImplicitParameterReader - Unable to interpret the implicit parameter configuration with dataType: String, dataTypeClass: class java.lang.Void
2022-09-01 14:19:12.505 [restartedMain] WARN  s.d.builders.FormParameterSpecificationProvider - Parameter should either be a simple or a content type
2022-09-01 14:19:12.517 [restartedMain] WARN  s.d.s.r.operation.OperationImplicitParameterReader - Unable to interpret the implicit parameter configuration with dataType: String, dataTypeClass: class java.lang.Void
2022-09-01 14:19:12.518 [restartedMain] WARN  s.d.builders.FormParameterSpecificationProvider - Parameter should either be a simple or a content type
2022-09-01 14:19:12.518 [restartedMain] WARN  s.d.s.r.operation.OperationImplicitParameterReader - Unable to interpret the implicit parameter configuration with dataType: String, dataTypeClass: class java.lang.Void
2022-09-01 14:19:12.518 [restartedMain] WARN  s.d.builders.FormParameterSpecificationProvider - Parameter should either be a simple or a content type
2022-09-01 14:19:12.518 [restartedMain] WARN  s.d.s.r.operation.OperationImplicitParameterReader - Unable to interpret the implicit parameter configuration with dataType: String, dataTypeClass: class java.lang.Void
2022-09-01 14:19:12.518 [restartedMain] WARN  s.d.builders.FormParameterSpecificationProvider - Parameter should either be a simple or a content type
2022-09-01 14:19:12.520 [restartedMain] WARN  s.d.s.r.operation.OperationImplicitParameterReader - Unable to interpret the implicit parameter configuration with dataType: String, dataTypeClass: class java.lang.Void
2022-09-01 14:19:12.522 [restartedMain] WARN  s.d.s.r.operation.OperationImplicitParameterReader - Unable to interpret the implicit parameter configuration with dataType: , dataTypeClass: class java.lang.Void
2022-09-01 14:19:12.522 [restartedMain] WARN  s.d.builders.FormParameterSpecificationProvider - Parameter should either be a simple or a content type
2022-09-01 14:19:12.525 [restartedMain] WARN  s.d.s.r.operation.OperationImplicitParameterReader - Unable to interpret the implicit parameter configuration with dataType: String, dataTypeClass: class java.lang.Void
2022-09-01 14:19:12.525 [restartedMain] WARN  s.d.builders.FormParameterSpecificationProvider - Parameter should either be a simple or a content type
2022-09-01 14:19:12.525 [restartedMain] WARN  s.d.s.r.operation.OperationImplicitParameterReader - Unable to interpret the implicit parameter configuration with dataType: String, dataTypeClass: class java.lang.Void
2022-09-01 14:19:12.525 [restartedMain] WARN  s.d.builders.FormParameterSpecificationProvider - Parameter should either be a simple or a content type
2022-09-01 14:19:12.527 [restartedMain] WARN  s.d.s.r.operation.OperationImplicitParameterReader - Unable to interpret the implicit parameter configuration with dataType: string, dataTypeClass: class java.lang.Void
2022-09-01 14:19:12.536 [restartedMain] WARN  s.d.s.r.operation.OperationImplicitParameterReader - Unable to interpret the implicit parameter configuration with dataType: String, dataTypeClass: class java.lang.Void
2022-09-01 14:19:12.536 [restartedMain] WARN  s.d.builders.FormParameterSpecificationProvider - Parameter should either be a simple or a content type
2022-09-01 14:19:12.537 [restartedMain] WARN  s.d.s.r.operation.OperationImplicitParameterReader - Unable to interpret the implicit parameter configuration with dataType: String, dataTypeClass: class java.lang.Void
2022-09-01 14:19:12.537 [restartedMain] WARN  s.d.builders.FormParameterSpecificationProvider - Parameter should either be a simple or a content type
2022-09-01 14:19:12.538 [restartedMain] WARN  s.d.s.r.operation.OperationImplicitParameterReader - Unable to interpret the implicit parameter configuration with dataType: String, dataTypeClass: class java.lang.Void
