2022-08-30 16:14:34.504 [restartedMain] WARN  o.s.b.a.t.ThymeleafAutoConfiguration$DefaultTemplateResolverConfiguration - Cannot find template location: classpath:/templates/ (please add some templates or check your Thymeleaf configuration)
2022-08-30 16:14:34.678 [restartedMain] WARN  o.s.b.a.freemarker.FreeMarkerAutoConfiguration - Cannot find template location(s): [classpath:/templates/] (please add some templates, check your FreeMarker configuration, or set spring.freemarker.checkTemplateLocation=false)
2022-08-30 16:14:34.928 [restartedMain] WARN  s.d.s.r.operation.OperationImplicitParameterReader - Unable to interpret the implicit parameter configuration with dataType: String, dataTypeClass: class java.lang.Void
2022-08-30 16:14:34.947 [restartedMain] WARN  s.d.s.r.operation.OperationImplicitParameterReader - Unable to interpret the implicit parameter configuration with dataType: String, dataTypeClass: class java.lang.Void
2022-08-30 16:14:34.960 [restartedMain] WARN  s.d.s.r.operation.OperationImplicitParameterReader - Unable to interpret the implicit parameter configuration with dataType: int, dataTypeClass: class java.lang.Void
2022-08-30 16:14:34.960 [restartedMain] WARN  s.d.s.r.operation.OperationImplicitParameterReader - Unable to interpret the implicit parameter configuration with dataType: String, dataTypeClass: class java.lang.Void
2022-08-30 16:14:34.960 [restartedMain] WARN  s.d.s.r.operation.OperationImplicitParameterReader - Unable to interpret the implicit parameter configuration with dataType: int, dataTypeClass: class java.lang.Void
2022-08-30 16:14:34.961 [restartedMain] WARN  s.d.s.r.operation.OperationImplicitParameterReader - Unable to interpret the implicit parameter configuration with dataType: int, dataTypeClass: class java.lang.Void
2022-08-30 16:14:34.964 [restartedMain] WARN  s.d.s.r.operation.OperationImplicitParameterReader - Unable to interpret the implicit parameter configuration with dataType: String, dataTypeClass: class java.lang.Void
2022-08-30 16:14:34.970 [restartedMain] WARN  s.d.s.r.operation.OperationImplicitParameterReader - Unable to interpret the implicit parameter configuration with dataType: String, dataTypeClass: class java.lang.Void
2022-08-30 16:14:34.984 [restartedMain] WARN  s.d.s.r.operation.OperationImplicitParameterReader - Unable to interpret the implicit parameter configuration with dataType: String, dataTypeClass: class java.lang.Void
2022-08-30 16:14:34.985 [restartedMain] WARN  s.d.s.r.operation.OperationImplicitParameterReader - Unable to interpret the implicit parameter configuration with dataType: String, dataTypeClass: class java.lang.Void
2022-08-30 16:14:34.985 [restartedMain] WARN  s.d.s.r.operation.OperationImplicitParameterReader - Unable to interpret the implicit parameter configuration with dataType: String, dataTypeClass: class java.lang.Void
2022-08-30 16:14:34.986 [restartedMain] WARN  s.d.s.r.operation.OperationImplicitParameterReader - Unable to interpret the implicit parameter configuration with dataType: int, dataTypeClass: class java.lang.Void
2022-08-30 16:14:34.993 [restartedMain] WARN  s.d.s.r.operation.OperationImplicitParameterReader - Unable to interpret the implicit parameter configuration with dataType: String, dataTypeClass: class java.lang.Void
2022-08-30 16:14:34.995 [restartedMain] WARN  s.d.s.r.operation.OperationImplicitParameterReader - Unable to interpret the implicit parameter configuration with dataType: int, dataTypeClass: class java.lang.Void
2022-08-30 16:14:34.995 [restartedMain] WARN  s.d.s.r.operation.OperationImplicitParameterReader - Unable to interpret the implicit parameter configuration with dataType: int, dataTypeClass: class java.lang.Void
2022-08-30 16:14:34.997 [restartedMain] WARN  s.d.s.r.operation.OperationImplicitParameterReader - Unable to interpret the implicit parameter configuration with dataType: String, dataTypeClass: class java.lang.Void
2022-08-30 16:14:34.999 [restartedMain] WARN  s.d.s.r.operation.OperationImplicitParameterReader - Unable to interpret the implicit parameter configuration with dataType: int, dataTypeClass: class java.lang.Void
2022-08-30 16:14:34.999 [restartedMain] WARN  s.d.s.r.operation.OperationImplicitParameterReader - Unable to interpret the implicit parameter configuration with dataType: int, dataTypeClass: class java.lang.Void
2022-08-30 16:14:35.001 [restartedMain] WARN  s.d.s.r.operation.OperationImplicitParameterReader - Unable to interpret the implicit parameter configuration with dataType: String, dataTypeClass: class java.lang.Void
2022-08-30 16:14:35.002 [restartedMain] WARN  s.d.s.r.operation.OperationImplicitParameterReader - Unable to interpret the implicit parameter configuration with dataType: String, dataTypeClass: class java.lang.Void
2022-08-30 16:14:35.003 [restartedMain] WARN  s.d.s.r.operation.OperationImplicitParameterReader - Unable to interpret the implicit parameter configuration with dataType: String, dataTypeClass: class java.lang.Void
2022-08-30 16:14:35.003 [restartedMain] WARN  s.d.s.r.operation.OperationImplicitParameterReader - Unable to interpret the implicit parameter configuration with dataType: String, dataTypeClass: class java.lang.Void
2022-08-30 16:14:35.006 [restartedMain] WARN  s.d.s.r.operation.OperationImplicitParameterReader - Unable to interpret the implicit parameter configuration with dataType: String, dataTypeClass: class java.lang.Void
2022-08-30 16:14:35.006 [restartedMain] WARN  s.d.s.r.operation.OperationImplicitParameterReader - Unable to interpret the implicit parameter configuration with dataType: __file, dataTypeClass: class java.lang.Void
2022-08-30 16:14:35.006 [restartedMain] WARN  s.d.builders.FormParameterSpecificationProvider - Parameter should either be a simple or a content type
2022-08-30 16:14:35.011 [restartedMain] WARN  s.d.s.r.operation.OperationImplicitParameterReader - Unable to interpret the implicit parameter configuration with dataType: , dataTypeClass: class java.lang.Void
2022-08-30 16:14:35.015 [restartedMain] WARN  s.d.s.r.operation.OperationImplicitParameterReader - Unable to interpret the implicit parameter configuration with dataType: String, dataTypeClass: class java.lang.Void
2022-08-30 16:14:35.015 [restartedMain] WARN  s.d.s.r.operation.OperationImplicitParameterReader - Unable to interpret the implicit parameter configuration with dataType: String, dataTypeClass: class java.lang.Void
2022-08-30 16:14:35.015 [restartedMain] WARN  s.d.s.r.operation.OperationImplicitParameterReader - Unable to interpret the implicit parameter configuration with dataType: String, dataTypeClass: class java.lang.Void
2022-08-30 16:14:35.026 [restartedMain] WARN  s.d.s.r.operation.OperationImplicitParameterReader - Unable to interpret the implicit parameter configuration with dataType: String, dataTypeClass: class java.lang.Void
2022-08-30 16:14:35.026 [restartedMain] WARN  s.d.s.r.operation.OperationImplicitParameterReader - Unable to interpret the implicit parameter configuration with dataType: String, dataTypeClass: class java.lang.Void
2022-08-30 16:14:35.028 [restartedMain] WARN  s.d.s.r.operation.OperationImplicitParameterReader - Unable to interpret the implicit parameter configuration with dataType: Long, dataTypeClass: class java.lang.Void
2022-08-30 16:14:35.029 [restartedMain] WARN  s.d.s.r.operation.OperationImplicitParameterReader - Unable to interpret the implicit parameter configuration with dataType: String, dataTypeClass: class java.lang.Void
2022-08-30 16:14:35.031 [restartedMain] WARN  s.d.s.r.operation.OperationImplicitParameterReader - Unable to interpret the implicit parameter configuration with dataType: Long, dataTypeClass: class java.lang.Void
2022-08-30 16:14:35.032 [restartedMain] WARN  s.d.s.r.operation.OperationImplicitParameterReader - Unable to interpret the implicit parameter configuration with dataType: String, dataTypeClass: class java.lang.Void
2022-08-30 16:14:35.033 [restartedMain] WARN  s.d.s.r.operation.OperationImplicitParameterReader - Unable to interpret the implicit parameter configuration with dataType: String, dataTypeClass: class java.lang.Void
2022-08-30 16:14:35.036 [restartedMain] WARN  s.d.s.r.operation.OperationImplicitParameterReader - Unable to interpret the implicit parameter configuration with dataType: Long, dataTypeClass: class java.lang.Void
2022-08-30 16:14:35.044 [restartedMain] WARN  s.d.s.r.operation.OperationImplicitParameterReader - Unable to interpret the implicit parameter configuration with dataType: String, dataTypeClass: class java.lang.Void
2022-08-30 16:14:35.044 [restartedMain] WARN  s.d.s.r.operation.OperationImplicitParameterReader - Unable to interpret the implicit parameter configuration with dataType: String, dataTypeClass: class java.lang.Void
2022-08-30 16:14:35.045 [restartedMain] WARN  s.d.builders.FormParameterSpecificationProvider - Parameter should either be a simple or a content type
2022-08-30 16:14:35.045 [restartedMain] WARN  s.d.s.r.operation.OperationImplicitParameterReader - Unable to interpret the implicit parameter configuration with dataType: String, dataTypeClass: class java.lang.Void
2022-08-30 16:14:35.045 [restartedMain] WARN  s.d.builders.FormParameterSpecificationProvider - Parameter should either be a simple or a content type
2022-08-30 16:14:35.045 [restartedMain] WARN  s.d.s.r.operation.OperationImplicitParameterReader - Unable to interpret the implicit parameter configuration with dataType: String, dataTypeClass: class java.lang.Void
2022-08-30 16:14:35.045 [restartedMain] WARN  s.d.builders.FormParameterSpecificationProvider - Parameter should either be a simple or a content type
2022-08-30 16:14:35.045 [restartedMain] WARN  s.d.s.r.operation.OperationImplicitParameterReader - Unable to interpret the implicit parameter configuration with dataType: String, dataTypeClass: class java.lang.Void
2022-08-30 16:14:35.045 [restartedMain] WARN  s.d.builders.FormParameterSpecificationProvider - Parameter should either be a simple or a content type
2022-08-30 16:14:35.045 [restartedMain] WARN  s.d.s.r.operation.OperationImplicitParameterReader - Unable to interpret the implicit parameter configuration with dataType: String, dataTypeClass: class java.lang.Void
2022-08-30 16:14:35.045 [restartedMain] WARN  s.d.builders.FormParameterSpecificationProvider - Parameter should either be a simple or a content type
2022-08-30 16:14:35.046 [restartedMain] WARN  s.d.s.r.operation.OperationImplicitParameterReader - Unable to interpret the implicit parameter configuration with dataType: String, dataTypeClass: class java.lang.Void
2022-08-30 16:14:35.046 [restartedMain] WARN  s.d.builders.FormParameterSpecificationProvider - Parameter should either be a simple or a content type
2022-08-30 16:14:35.046 [restartedMain] WARN  s.d.s.r.operation.OperationImplicitParameterReader - Unable to interpret the implicit parameter configuration with dataType: String, dataTypeClass: class java.lang.Void
2022-08-30 16:14:35.046 [restartedMain] WARN  s.d.builders.FormParameterSpecificationProvider - Parameter should either be a simple or a content type
2022-08-30 16:14:35.046 [restartedMain] WARN  s.d.s.r.operation.OperationImplicitParameterReader - Unable to interpret the implicit parameter configuration with dataType: String, dataTypeClass: class java.lang.Void
2022-08-30 16:14:35.046 [restartedMain] WARN  s.d.builders.FormParameterSpecificationProvider - Parameter should either be a simple or a content type
2022-08-30 16:14:35.046 [restartedMain] WARN  s.d.s.r.operation.OperationImplicitParameterReader - Unable to interpret the implicit parameter configuration with dataType: String, dataTypeClass: class java.lang.Void
2022-08-30 16:14:35.046 [restartedMain] WARN  s.d.builders.FormParameterSpecificationProvider - Parameter should either be a simple or a content type
2022-08-30 16:14:35.047 [restartedMain] WARN  s.d.s.r.operation.OperationImplicitParameterReader - Unable to interpret the implicit parameter configuration with dataType: String, dataTypeClass: class java.lang.Void
2022-08-30 16:14:35.047 [restartedMain] WARN  s.d.builders.FormParameterSpecificationProvider - Parameter should either be a simple or a content type
2022-08-30 16:14:35.047 [restartedMain] WARN  s.d.s.r.operation.OperationImplicitParameterReader - Unable to interpret the implicit parameter configuration with dataType: String, dataTypeClass: class java.lang.Void
2022-08-30 16:14:35.047 [restartedMain] WARN  s.d.builders.FormParameterSpecificationProvider - Parameter should either be a simple or a content type
2022-08-30 16:14:35.047 [restartedMain] WARN  s.d.s.r.operation.OperationImplicitParameterReader - Unable to interpret the implicit parameter configuration with dataType: String, dataTypeClass: class java.lang.Void
2022-08-30 16:14:35.047 [restartedMain] WARN  s.d.builders.FormParameterSpecificationProvider - Parameter should either be a simple or a content type
2022-08-30 16:14:35.052 [restartedMain] WARN  s.d.s.r.operation.OperationImplicitParameterReader - Unable to interpret the implicit parameter configuration with dataType: String, dataTypeClass: class java.lang.Void
2022-08-30 16:14:35.052 [restartedMain] WARN  s.d.s.r.operation.OperationImplicitParameterReader - Unable to interpret the implicit parameter configuration with dataType: String, dataTypeClass: class java.lang.Void
2022-08-30 16:14:35.052 [restartedMain] WARN  s.d.s.r.operation.OperationImplicitParameterReader - Unable to interpret the implicit parameter configuration with dataType: String, dataTypeClass: class java.lang.Void
2022-08-30 16:14:35.053 [restartedMain] WARN  s.d.s.r.operation.OperationImplicitParameterReader - Unable to interpret the implicit parameter configuration with dataType: String, dataTypeClass: class java.lang.Void
2022-08-30 16:14:35.053 [restartedMain] WARN  s.d.s.r.operation.OperationImplicitParameterReader - Unable to interpret the implicit parameter configuration with dataType: String, dataTypeClass: class java.lang.Void
2022-08-30 16:14:35.053 [restartedMain] WARN  s.d.s.r.operation.OperationImplicitParameterReader - Unable to interpret the implicit parameter configuration with dataType: boolean, dataTypeClass: class java.lang.Void
2022-08-30 16:14:35.053 [restartedMain] WARN  s.d.s.r.operation.OperationImplicitParameterReader - Unable to interpret the implicit parameter configuration with dataType: Integer, dataTypeClass: class java.lang.Void
2022-08-30 16:14:35.053 [restartedMain] WARN  s.d.s.r.operation.OperationImplicitParameterReader - Unable to interpret the implicit parameter configuration with dataType: Integer, dataTypeClass: class java.lang.Void
2022-08-30 16:14:35.054 [restartedMain] WARN  s.d.s.r.operation.OperationImplicitParameterReader - Unable to interpret the implicit parameter configuration with dataType: Integer, dataTypeClass: class java.lang.Void
2022-08-30 16:14:35.058 [restartedMain] WARN  s.d.s.r.operation.OperationImplicitParameterReader - Unable to interpret the implicit parameter configuration with dataType: String, dataTypeClass: class java.lang.Void
2022-08-30 16:14:35.058 [restartedMain] WARN  s.d.s.r.operation.OperationImplicitParameterReader - Unable to interpret the implicit parameter configuration with dataType: String, dataTypeClass: class java.lang.Void
2022-08-30 16:14:35.062 [restartedMain] WARN  s.d.s.r.operation.OperationImplicitParameterReader - Unable to interpret the implicit parameter configuration with dataType: String, dataTypeClass: class java.lang.Void
2022-08-30 16:14:35.062 [restartedMain] WARN  s.d.s.r.operation.OperationImplicitParameterReader - Unable to interpret the implicit parameter configuration with dataType: String, dataTypeClass: class java.lang.Void
2022-08-30 16:14:35.063 [restartedMain] WARN  s.d.s.r.operation.OperationImplicitParameterReader - Unable to interpret the implicit parameter configuration with dataType: String, dataTypeClass: class java.lang.Void
2022-08-30 16:14:35.065 [restartedMain] WARN  s.d.s.r.operation.OperationImplicitParameterReader - Unable to interpret the implicit parameter configuration with dataType: String, dataTypeClass: class java.lang.Void
2022-08-30 16:14:35.066 [restartedMain] WARN  s.d.s.r.operation.OperationImplicitParameterReader - Unable to interpret the implicit parameter configuration with dataType: __file, dataTypeClass: class java.lang.Void
2022-08-30 16:14:35.066 [restartedMain] WARN  s.d.builders.FormParameterSpecificationProvider - Parameter should either be a simple or a content type
2022-08-30 16:14:35.069 [restartedMain] WARN  s.d.s.r.operation.OperationImplicitParameterReader - Unable to interpret the implicit parameter configuration with dataType: String, dataTypeClass: class java.lang.Void
2022-08-30 16:14:35.070 [restartedMain] WARN  s.d.s.r.operation.OperationImplicitParameterReader - Unable to interpret the implicit parameter configuration with dataType: String, dataTypeClass: class java.lang.Void
2022-08-30 16:14:35.073 [restartedMain] WARN  s.d.s.r.operation.OperationImplicitParameterReader - Unable to interpret the implicit parameter configuration with dataType: String, dataTypeClass: class java.lang.Void
2022-08-30 16:14:35.073 [restartedMain] WARN  s.d.builders.FormParameterSpecificationProvider - Parameter should either be a simple or a content type
2022-08-30 16:14:35.073 [restartedMain] WARN  s.d.s.r.operation.OperationImplicitParameterReader - Unable to interpret the implicit parameter configuration with dataType: String, dataTypeClass: class java.lang.Void
2022-08-30 16:14:35.073 [restartedMain] WARN  s.d.builders.FormParameterSpecificationProvider - Parameter should either be a simple or a content type
2022-08-30 16:14:35.073 [restartedMain] WARN  s.d.s.r.operation.OperationImplicitParameterReader - Unable to interpret the implicit parameter configuration with dataType: String, dataTypeClass: class java.lang.Void
2022-08-30 16:14:35.074 [restartedMain] WARN  s.d.builders.FormParameterSpecificationProvider - Parameter should either be a simple or a content type
2022-08-30 16:14:35.074 [restartedMain] WARN  s.d.s.r.operation.OperationImplicitParameterReader - Unable to interpret the implicit parameter configuration with dataType: String, dataTypeClass: class java.lang.Void
2022-08-30 16:14:35.074 [restartedMain] WARN  s.d.builders.FormParameterSpecificationProvider - Parameter should either be a simple or a content type
2022-08-30 16:14:35.087 [restartedMain] WARN  s.d.s.r.operation.OperationImplicitParameterReader - Unable to interpret the implicit parameter configuration with dataType: String, dataTypeClass: class java.lang.Void
2022-08-30 16:14:35.087 [restartedMain] WARN  s.d.builders.FormParameterSpecificationProvider - Parameter should either be a simple or a content type
2022-08-30 16:14:35.087 [restartedMain] WARN  s.d.s.r.operation.OperationImplicitParameterReader - Unable to interpret the implicit parameter configuration with dataType: String, dataTypeClass: class java.lang.Void
2022-08-30 16:14:35.088 [restartedMain] WARN  s.d.builders.FormParameterSpecificationProvider - Parameter should either be a simple or a content type
2022-08-30 16:14:35.088 [restartedMain] WARN  s.d.s.r.operation.OperationImplicitParameterReader - Unable to interpret the implicit parameter configuration with dataType: String, dataTypeClass: class java.lang.Void
2022-08-30 16:14:35.088 [restartedMain] WARN  s.d.builders.FormParameterSpecificationProvider - Parameter should either be a simple or a content type
2022-08-30 16:14:35.089 [restartedMain] WARN  s.d.s.r.operation.OperationImplicitParameterReader - Unable to interpret the implicit parameter configuration with dataType: String, dataTypeClass: class java.lang.Void
2022-08-30 16:14:35.092 [restartedMain] WARN  s.d.s.r.operation.OperationImplicitParameterReader - Unable to interpret the implicit parameter configuration with dataType: , dataTypeClass: class java.lang.Void
2022-08-30 16:14:35.092 [restartedMain] WARN  s.d.builders.FormParameterSpecificationProvider - Parameter should either be a simple or a content type
2022-08-30 16:14:35.094 [restartedMain] WARN  s.d.s.r.operation.OperationImplicitParameterReader - Unable to interpret the implicit parameter configuration with dataType: String, dataTypeClass: class java.lang.Void
2022-08-30 16:14:35.094 [restartedMain] WARN  s.d.builders.FormParameterSpecificationProvider - Parameter should either be a simple or a content type
2022-08-30 16:14:35.094 [restartedMain] WARN  s.d.s.r.operation.OperationImplicitParameterReader - Unable to interpret the implicit parameter configuration with dataType: String, dataTypeClass: class java.lang.Void
2022-08-30 16:14:35.095 [restartedMain] WARN  s.d.builders.FormParameterSpecificationProvider - Parameter should either be a simple or a content type
2022-08-30 16:14:35.097 [restartedMain] WARN  s.d.s.r.operation.OperationImplicitParameterReader - Unable to interpret the implicit parameter configuration with dataType: string, dataTypeClass: class java.lang.Void
2022-08-30 16:14:35.106 [restartedMain] WARN  s.d.s.r.operation.OperationImplicitParameterReader - Unable to interpret the implicit parameter configuration with dataType: String, dataTypeClass: class java.lang.Void
2022-08-30 16:14:35.106 [restartedMain] WARN  s.d.builders.FormParameterSpecificationProvider - Parameter should either be a simple or a content type
2022-08-30 16:14:35.106 [restartedMain] WARN  s.d.s.r.operation.OperationImplicitParameterReader - Unable to interpret the implicit parameter configuration with dataType: String, dataTypeClass: class java.lang.Void
2022-08-30 16:14:35.107 [restartedMain] WARN  s.d.builders.FormParameterSpecificationProvider - Parameter should either be a simple or a content type
2022-08-30 16:14:35.108 [restartedMain] WARN  s.d.s.r.operation.OperationImplicitParameterReader - Unable to interpret the implicit parameter configuration with dataType: String, dataTypeClass: class java.lang.Void
2022-08-30 16:39:02.475 [restartedMain] WARN  io.undertow.websockets.jsr - UT026010: Buffer pool was not set on WebSocketDeploymentInfo, the default pool will be used
2022-08-30 16:39:04.728 [restartedMain] WARN  o.s.b.a.t.ThymeleafAutoConfiguration$DefaultTemplateResolverConfiguration - Cannot find template location: classpath:/templates/ (please add some templates or check your Thymeleaf configuration)
2022-08-30 16:39:04.910 [restartedMain] WARN  o.s.b.a.freemarker.FreeMarkerAutoConfiguration - Cannot find template location(s): [classpath:/templates/] (please add some templates, check your FreeMarker configuration, or set spring.freemarker.checkTemplateLocation=false)
2022-08-30 16:39:05.171 [restartedMain] WARN  s.d.s.r.operation.OperationImplicitParameterReader - Unable to interpret the implicit parameter configuration with dataType: String, dataTypeClass: class java.lang.Void
2022-08-30 16:39:05.189 [restartedMain] WARN  s.d.s.r.operation.OperationImplicitParameterReader - Unable to interpret the implicit parameter configuration with dataType: String, dataTypeClass: class java.lang.Void
2022-08-30 16:39:05.203 [restartedMain] WARN  s.d.s.r.operation.OperationImplicitParameterReader - Unable to interpret the implicit parameter configuration with dataType: int, dataTypeClass: class java.lang.Void
2022-08-30 16:39:05.203 [restartedMain] WARN  s.d.s.r.operation.OperationImplicitParameterReader - Unable to interpret the implicit parameter configuration with dataType: String, dataTypeClass: class java.lang.Void
2022-08-30 16:39:05.204 [restartedMain] WARN  s.d.s.r.operation.OperationImplicitParameterReader - Unable to interpret the implicit parameter configuration with dataType: int, dataTypeClass: class java.lang.Void
2022-08-30 16:39:05.204 [restartedMain] WARN  s.d.s.r.operation.OperationImplicitParameterReader - Unable to interpret the implicit parameter configuration with dataType: int, dataTypeClass: class java.lang.Void
2022-08-30 16:39:05.207 [restartedMain] WARN  s.d.s.r.operation.OperationImplicitParameterReader - Unable to interpret the implicit parameter configuration with dataType: String, dataTypeClass: class java.lang.Void
2022-08-30 16:39:05.214 [restartedMain] WARN  s.d.s.r.operation.OperationImplicitParameterReader - Unable to interpret the implicit parameter configuration with dataType: String, dataTypeClass: class java.lang.Void
2022-08-30 16:39:05.229 [restartedMain] WARN  s.d.s.r.operation.OperationImplicitParameterReader - Unable to interpret the implicit parameter configuration with dataType: String, dataTypeClass: class java.lang.Void
2022-08-30 16:39:05.229 [restartedMain] WARN  s.d.s.r.operation.OperationImplicitParameterReader - Unable to interpret the implicit parameter configuration with dataType: String, dataTypeClass: class java.lang.Void
2022-08-30 16:39:05.229 [restartedMain] WARN  s.d.s.r.operation.OperationImplicitParameterReader - Unable to interpret the implicit parameter configuration with dataType: String, dataTypeClass: class java.lang.Void
2022-08-30 16:39:05.231 [restartedMain] WARN  s.d.s.r.operation.OperationImplicitParameterReader - Unable to interpret the implicit parameter configuration with dataType: int, dataTypeClass: class java.lang.Void
2022-08-30 16:39:05.238 [restartedMain] WARN  s.d.s.r.operation.OperationImplicitParameterReader - Unable to interpret the implicit parameter configuration with dataType: String, dataTypeClass: class java.lang.Void
2022-08-30 16:39:05.240 [restartedMain] WARN  s.d.s.r.operation.OperationImplicitParameterReader - Unable to interpret the implicit parameter configuration with dataType: int, dataTypeClass: class java.lang.Void
2022-08-30 16:39:05.240 [restartedMain] WARN  s.d.s.r.operation.OperationImplicitParameterReader - Unable to interpret the implicit parameter configuration with dataType: int, dataTypeClass: class java.lang.Void
2022-08-30 16:39:05.242 [restartedMain] WARN  s.d.s.r.operation.OperationImplicitParameterReader - Unable to interpret the implicit parameter configuration with dataType: String, dataTypeClass: class java.lang.Void
2022-08-30 16:39:05.244 [restartedMain] WARN  s.d.s.r.operation.OperationImplicitParameterReader - Unable to interpret the implicit parameter configuration with dataType: int, dataTypeClass: class java.lang.Void
2022-08-30 16:39:05.244 [restartedMain] WARN  s.d.s.r.operation.OperationImplicitParameterReader - Unable to interpret the implicit parameter configuration with dataType: int, dataTypeClass: class java.lang.Void
2022-08-30 16:39:05.245 [restartedMain] WARN  s.d.s.r.operation.OperationImplicitParameterReader - Unable to interpret the implicit parameter configuration with dataType: String, dataTypeClass: class java.lang.Void
2022-08-30 16:39:05.247 [restartedMain] WARN  s.d.s.r.operation.OperationImplicitParameterReader - Unable to interpret the implicit parameter configuration with dataType: String, dataTypeClass: class java.lang.Void
2022-08-30 16:39:05.248 [restartedMain] WARN  s.d.s.r.operation.OperationImplicitParameterReader - Unable to interpret the implicit parameter configuration with dataType: String, dataTypeClass: class java.lang.Void
2022-08-30 16:39:05.248 [restartedMain] WARN  s.d.s.r.operation.OperationImplicitParameterReader - Unable to interpret the implicit parameter configuration with dataType: String, dataTypeClass: class java.lang.Void
2022-08-30 16:39:05.251 [restartedMain] WARN  s.d.s.r.operation.OperationImplicitParameterReader - Unable to interpret the implicit parameter configuration with dataType: String, dataTypeClass: class java.lang.Void
2022-08-30 16:39:05.251 [restartedMain] WARN  s.d.s.r.operation.OperationImplicitParameterReader - Unable to interpret the implicit parameter configuration with dataType: __file, dataTypeClass: class java.lang.Void
2022-08-30 16:39:05.251 [restartedMain] WARN  s.d.builders.FormParameterSpecificationProvider - Parameter should either be a simple or a content type
2022-08-30 16:39:05.256 [restartedMain] WARN  s.d.s.r.operation.OperationImplicitParameterReader - Unable to interpret the implicit parameter configuration with dataType: , dataTypeClass: class java.lang.Void
2022-08-30 16:39:05.261 [restartedMain] WARN  s.d.s.r.operation.OperationImplicitParameterReader - Unable to interpret the implicit parameter configuration with dataType: String, dataTypeClass: class java.lang.Void
2022-08-30 16:39:05.261 [restartedMain] WARN  s.d.s.r.operation.OperationImplicitParameterReader - Unable to interpret the implicit parameter configuration with dataType: String, dataTypeClass: class java.lang.Void
2022-08-30 16:39:05.261 [restartedMain] WARN  s.d.s.r.operation.OperationImplicitParameterReader - Unable to interpret the implicit parameter configuration with dataType: String, dataTypeClass: class java.lang.Void
2022-08-30 16:39:05.273 [restartedMain] WARN  s.d.s.r.operation.OperationImplicitParameterReader - Unable to interpret the implicit parameter configuration with dataType: String, dataTypeClass: class java.lang.Void
2022-08-30 16:39:05.273 [restartedMain] WARN  s.d.s.r.operation.OperationImplicitParameterReader - Unable to interpret the implicit parameter configuration with dataType: String, dataTypeClass: class java.lang.Void
2022-08-30 16:39:05.275 [restartedMain] WARN  s.d.s.r.operation.OperationImplicitParameterReader - Unable to interpret the implicit parameter configuration with dataType: Long, dataTypeClass: class java.lang.Void
2022-08-30 16:39:05.277 [restartedMain] WARN  s.d.s.r.operation.OperationImplicitParameterReader - Unable to interpret the implicit parameter configuration with dataType: String, dataTypeClass: class java.lang.Void
2022-08-30 16:39:05.278 [restartedMain] WARN  s.d.s.r.operation.OperationImplicitParameterReader - Unable to interpret the implicit parameter configuration with dataType: Long, dataTypeClass: class java.lang.Void
2022-08-30 16:39:05.280 [restartedMain] WARN  s.d.s.r.operation.OperationImplicitParameterReader - Unable to interpret the implicit parameter configuration with dataType: String, dataTypeClass: class java.lang.Void
2022-08-30 16:39:05.280 [restartedMain] WARN  s.d.s.r.operation.OperationImplicitParameterReader - Unable to interpret the implicit parameter configuration with dataType: String, dataTypeClass: class java.lang.Void
2022-08-30 16:39:05.284 [restartedMain] WARN  s.d.s.r.operation.OperationImplicitParameterReader - Unable to interpret the implicit parameter configuration with dataType: Long, dataTypeClass: class java.lang.Void
2022-08-30 16:39:05.293 [restartedMain] WARN  s.d.s.r.operation.OperationImplicitParameterReader - Unable to interpret the implicit parameter configuration with dataType: String, dataTypeClass: class java.lang.Void
2022-08-30 16:39:05.293 [restartedMain] WARN  s.d.s.r.operation.OperationImplicitParameterReader - Unable to interpret the implicit parameter configuration with dataType: String, dataTypeClass: class java.lang.Void
2022-08-30 16:39:05.293 [restartedMain] WARN  s.d.builders.FormParameterSpecificationProvider - Parameter should either be a simple or a content type
2022-08-30 16:39:05.293 [restartedMain] WARN  s.d.s.r.operation.OperationImplicitParameterReader - Unable to interpret the implicit parameter configuration with dataType: String, dataTypeClass: class java.lang.Void
2022-08-30 16:39:05.293 [restartedMain] WARN  s.d.builders.FormParameterSpecificationProvider - Parameter should either be a simple or a content type
2022-08-30 16:39:05.294 [restartedMain] WARN  s.d.s.r.operation.OperationImplicitParameterReader - Unable to interpret the implicit parameter configuration with dataType: String, dataTypeClass: class java.lang.Void
2022-08-30 16:39:05.294 [restartedMain] WARN  s.d.builders.FormParameterSpecificationProvider - Parameter should either be a simple or a content type
2022-08-30 16:39:05.294 [restartedMain] WARN  s.d.s.r.operation.OperationImplicitParameterReader - Unable to interpret the implicit parameter configuration with dataType: String, dataTypeClass: class java.lang.Void
2022-08-30 16:39:05.294 [restartedMain] WARN  s.d.builders.FormParameterSpecificationProvider - Parameter should either be a simple or a content type
2022-08-30 16:39:05.294 [restartedMain] WARN  s.d.s.r.operation.OperationImplicitParameterReader - Unable to interpret the implicit parameter configuration with dataType: String, dataTypeClass: class java.lang.Void
2022-08-30 16:39:05.294 [restartedMain] WARN  s.d.builders.FormParameterSpecificationProvider - Parameter should either be a simple or a content type
2022-08-30 16:39:05.294 [restartedMain] WARN  s.d.s.r.operation.OperationImplicitParameterReader - Unable to interpret the implicit parameter configuration with dataType: String, dataTypeClass: class java.lang.Void
2022-08-30 16:39:05.294 [restartedMain] WARN  s.d.builders.FormParameterSpecificationProvider - Parameter should either be a simple or a content type
2022-08-30 16:39:05.295 [restartedMain] WARN  s.d.s.r.operation.OperationImplicitParameterReader - Unable to interpret the implicit parameter configuration with dataType: String, dataTypeClass: class java.lang.Void
2022-08-30 16:39:05.295 [restartedMain] WARN  s.d.builders.FormParameterSpecificationProvider - Parameter should either be a simple or a content type
2022-08-30 16:39:05.295 [restartedMain] WARN  s.d.s.r.operation.OperationImplicitParameterReader - Unable to interpret the implicit parameter configuration with dataType: String, dataTypeClass: class java.lang.Void
2022-08-30 16:39:05.295 [restartedMain] WARN  s.d.builders.FormParameterSpecificationProvider - Parameter should either be a simple or a content type
2022-08-30 16:39:05.295 [restartedMain] WARN  s.d.s.r.operation.OperationImplicitParameterReader - Unable to interpret the implicit parameter configuration with dataType: String, dataTypeClass: class java.lang.Void
2022-08-30 16:39:05.295 [restartedMain] WARN  s.d.builders.FormParameterSpecificationProvider - Parameter should either be a simple or a content type
2022-08-30 16:39:05.295 [restartedMain] WARN  s.d.s.r.operation.OperationImplicitParameterReader - Unable to interpret the implicit parameter configuration with dataType: String, dataTypeClass: class java.lang.Void
2022-08-30 16:39:05.295 [restartedMain] WARN  s.d.builders.FormParameterSpecificationProvider - Parameter should either be a simple or a content type
2022-08-30 16:39:05.295 [restartedMain] WARN  s.d.s.r.operation.OperationImplicitParameterReader - Unable to interpret the implicit parameter configuration with dataType: String, dataTypeClass: class java.lang.Void
2022-08-30 16:39:05.296 [restartedMain] WARN  s.d.builders.FormParameterSpecificationProvider - Parameter should either be a simple or a content type
2022-08-30 16:39:05.296 [restartedMain] WARN  s.d.s.r.operation.OperationImplicitParameterReader - Unable to interpret the implicit parameter configuration with dataType: String, dataTypeClass: class java.lang.Void
2022-08-30 16:39:05.296 [restartedMain] WARN  s.d.builders.FormParameterSpecificationProvider - Parameter should either be a simple or a content type
2022-08-30 16:39:05.301 [restartedMain] WARN  s.d.s.r.operation.OperationImplicitParameterReader - Unable to interpret the implicit parameter configuration with dataType: String, dataTypeClass: class java.lang.Void
2022-08-30 16:39:05.301 [restartedMain] WARN  s.d.s.r.operation.OperationImplicitParameterReader - Unable to interpret the implicit parameter configuration with dataType: String, dataTypeClass: class java.lang.Void
2022-08-30 16:39:05.301 [restartedMain] WARN  s.d.s.r.operation.OperationImplicitParameterReader - Unable to interpret the implicit parameter configuration with dataType: String, dataTypeClass: class java.lang.Void
2022-08-30 16:39:05.301 [restartedMain] WARN  s.d.s.r.operation.OperationImplicitParameterReader - Unable to interpret the implicit parameter configuration with dataType: String, dataTypeClass: class java.lang.Void
2022-08-30 16:39:05.302 [restartedMain] WARN  s.d.s.r.operation.OperationImplicitParameterReader - Unable to interpret the implicit parameter configuration with dataType: String, dataTypeClass: class java.lang.Void
2022-08-30 16:39:05.302 [restartedMain] WARN  s.d.s.r.operation.OperationImplicitParameterReader - Unable to interpret the implicit parameter configuration with dataType: boolean, dataTypeClass: class java.lang.Void
2022-08-30 16:39:05.302 [restartedMain] WARN  s.d.s.r.operation.OperationImplicitParameterReader - Unable to interpret the implicit parameter configuration with dataType: Integer, dataTypeClass: class java.lang.Void
2022-08-30 16:39:05.302 [restartedMain] WARN  s.d.s.r.operation.OperationImplicitParameterReader - Unable to interpret the implicit parameter configuration with dataType: Integer, dataTypeClass: class java.lang.Void
2022-08-30 16:39:05.302 [restartedMain] WARN  s.d.s.r.operation.OperationImplicitParameterReader - Unable to interpret the implicit parameter configuration with dataType: Integer, dataTypeClass: class java.lang.Void
2022-08-30 16:39:05.307 [restartedMain] WARN  s.d.s.r.operation.OperationImplicitParameterReader - Unable to interpret the implicit parameter configuration with dataType: String, dataTypeClass: class java.lang.Void
2022-08-30 16:39:05.307 [restartedMain] WARN  s.d.s.r.operation.OperationImplicitParameterReader - Unable to interpret the implicit parameter configuration with dataType: String, dataTypeClass: class java.lang.Void
2022-08-30 16:39:05.311 [restartedMain] WARN  s.d.s.r.operation.OperationImplicitParameterReader - Unable to interpret the implicit parameter configuration with dataType: String, dataTypeClass: class java.lang.Void
2022-08-30 16:39:05.311 [restartedMain] WARN  s.d.s.r.operation.OperationImplicitParameterReader - Unable to interpret the implicit parameter configuration with dataType: String, dataTypeClass: class java.lang.Void
2022-08-30 16:39:05.313 [restartedMain] WARN  s.d.s.r.operation.OperationImplicitParameterReader - Unable to interpret the implicit parameter configuration with dataType: String, dataTypeClass: class java.lang.Void
2022-08-30 16:39:05.315 [restartedMain] WARN  s.d.s.r.operation.OperationImplicitParameterReader - Unable to interpret the implicit parameter configuration with dataType: String, dataTypeClass: class java.lang.Void
2022-08-30 16:39:05.315 [restartedMain] WARN  s.d.s.r.operation.OperationImplicitParameterReader - Unable to interpret the implicit parameter configuration with dataType: __file, dataTypeClass: class java.lang.Void
2022-08-30 16:39:05.315 [restartedMain] WARN  s.d.builders.FormParameterSpecificationProvider - Parameter should either be a simple or a content type
2022-08-30 16:39:05.318 [restartedMain] WARN  s.d.s.r.operation.OperationImplicitParameterReader - Unable to interpret the implicit parameter configuration with dataType: String, dataTypeClass: class java.lang.Void
2022-08-30 16:39:05.320 [restartedMain] WARN  s.d.s.r.operation.OperationImplicitParameterReader - Unable to interpret the implicit parameter configuration with dataType: String, dataTypeClass: class java.lang.Void
2022-08-30 16:39:05.323 [restartedMain] WARN  s.d.s.r.operation.OperationImplicitParameterReader - Unable to interpret the implicit parameter configuration with dataType: String, dataTypeClass: class java.lang.Void
2022-08-30 16:39:05.323 [restartedMain] WARN  s.d.builders.FormParameterSpecificationProvider - Parameter should either be a simple or a content type
2022-08-30 16:39:05.323 [restartedMain] WARN  s.d.s.r.operation.OperationImplicitParameterReader - Unable to interpret the implicit parameter configuration with dataType: String, dataTypeClass: class java.lang.Void
2022-08-30 16:39:05.323 [restartedMain] WARN  s.d.builders.FormParameterSpecificationProvider - Parameter should either be a simple or a content type
2022-08-30 16:39:05.323 [restartedMain] WARN  s.d.s.r.operation.OperationImplicitParameterReader - Unable to interpret the implicit parameter configuration with dataType: String, dataTypeClass: class java.lang.Void
2022-08-30 16:39:05.323 [restartedMain] WARN  s.d.builders.FormParameterSpecificationProvider - Parameter should either be a simple or a content type
2022-08-30 16:39:05.324 [restartedMain] WARN  s.d.s.r.operation.OperationImplicitParameterReader - Unable to interpret the implicit parameter configuration with dataType: String, dataTypeClass: class java.lang.Void
2022-08-30 16:39:05.324 [restartedMain] WARN  s.d.builders.FormParameterSpecificationProvider - Parameter should either be a simple or a content type
2022-08-30 16:39:05.337 [restartedMain] WARN  s.d.s.r.operation.OperationImplicitParameterReader - Unable to interpret the implicit parameter configuration with dataType: String, dataTypeClass: class java.lang.Void
2022-08-30 16:39:05.337 [restartedMain] WARN  s.d.builders.FormParameterSpecificationProvider - Parameter should either be a simple or a content type
2022-08-30 16:39:05.337 [restartedMain] WARN  s.d.s.r.operation.OperationImplicitParameterReader - Unable to interpret the implicit parameter configuration with dataType: String, dataTypeClass: class java.lang.Void
2022-08-30 16:39:05.337 [restartedMain] WARN  s.d.builders.FormParameterSpecificationProvider - Parameter should either be a simple or a content type
2022-08-30 16:39:05.337 [restartedMain] WARN  s.d.s.r.operation.OperationImplicitParameterReader - Unable to interpret the implicit parameter configuration with dataType: String, dataTypeClass: class java.lang.Void
2022-08-30 16:39:05.337 [restartedMain] WARN  s.d.builders.FormParameterSpecificationProvider - Parameter should either be a simple or a content type
2022-08-30 16:39:05.339 [restartedMain] WARN  s.d.s.r.operation.OperationImplicitParameterReader - Unable to interpret the implicit parameter configuration with dataType: String, dataTypeClass: class java.lang.Void
2022-08-30 16:39:05.341 [restartedMain] WARN  s.d.s.r.operation.OperationImplicitParameterReader - Unable to interpret the implicit parameter configuration with dataType: , dataTypeClass: class java.lang.Void
2022-08-30 16:39:05.341 [restartedMain] WARN  s.d.builders.FormParameterSpecificationProvider - Parameter should either be a simple or a content type
2022-08-30 16:39:05.344 [restartedMain] WARN  s.d.s.r.operation.OperationImplicitParameterReader - Unable to interpret the implicit parameter configuration with dataType: String, dataTypeClass: class java.lang.Void
2022-08-30 16:39:05.344 [restartedMain] WARN  s.d.builders.FormParameterSpecificationProvider - Parameter should either be a simple or a content type
2022-08-30 16:39:05.344 [restartedMain] WARN  s.d.s.r.operation.OperationImplicitParameterReader - Unable to interpret the implicit parameter configuration with dataType: String, dataTypeClass: class java.lang.Void
2022-08-30 16:39:05.344 [restartedMain] WARN  s.d.builders.FormParameterSpecificationProvider - Parameter should either be a simple or a content type
2022-08-30 16:39:05.347 [restartedMain] WARN  s.d.s.r.operation.OperationImplicitParameterReader - Unable to interpret the implicit parameter configuration with dataType: string, dataTypeClass: class java.lang.Void
2022-08-30 16:39:05.357 [restartedMain] WARN  s.d.s.r.operation.OperationImplicitParameterReader - Unable to interpret the implicit parameter configuration with dataType: String, dataTypeClass: class java.lang.Void
2022-08-30 16:39:05.357 [restartedMain] WARN  s.d.builders.FormParameterSpecificationProvider - Parameter should either be a simple or a content type
2022-08-30 16:39:05.357 [restartedMain] WARN  s.d.s.r.operation.OperationImplicitParameterReader - Unable to interpret the implicit parameter configuration with dataType: String, dataTypeClass: class java.lang.Void
2022-08-30 16:39:05.357 [restartedMain] WARN  s.d.builders.FormParameterSpecificationProvider - Parameter should either be a simple or a content type
2022-08-30 16:39:05.359 [restartedMain] WARN  s.d.s.r.operation.OperationImplicitParameterReader - Unable to interpret the implicit parameter configuration with dataType: String, dataTypeClass: class java.lang.Void
