2022-08-31 10:26:11.672 [restartedMain] WARN  io.undertow.websockets.jsr - UT026010: Buffer pool was not set on WebSocketDeploymentInfo, the default pool will be used
2022-08-31 10:26:13.623 [restartedMain] WARN  o.s.b.d.autoconfigure.OptionalLiveReloadServer - Unable to start LiveReload server
2022-08-31 10:26:15.111 [restartedMain] WARN  o.s.b.a.t.ThymeleafAutoConfiguration$DefaultTemplateResolverConfiguration - Cannot find template location: classpath:/templates/ (please add some templates or check your Thymeleaf configuration)
2022-08-31 10:26:15.434 [restartedMain] WARN  o.s.b.a.freemarker.FreeMarkerAutoConfiguration - Cannot find template location(s): [classpath:/templates/] (please add some templates, check your FreeMarker configuration, or set spring.freemarker.checkTemplateLocation=false)
2022-08-31 10:26:15.814 [restartedMain] WARN  s.d.s.r.operation.OperationImplicitParameterReader - Unable to interpret the implicit parameter configuration with dataType: String, dataTypeClass: class java.lang.Void
2022-08-31 10:26:15.833 [restartedMain] WARN  s.d.s.r.operation.OperationImplicitParameterReader - Unable to interpret the implicit parameter configuration with dataType: String, dataTypeClass: class java.lang.Void
2022-08-31 10:26:15.845 [restartedMain] WARN  s.d.s.r.operation.OperationImplicitParameterReader - Unable to interpret the implicit parameter configuration with dataType: int, dataTypeClass: class java.lang.Void
2022-08-31 10:26:15.846 [restartedMain] WARN  s.d.s.r.operation.OperationImplicitParameterReader - Unable to interpret the implicit parameter configuration with dataType: String, dataTypeClass: class java.lang.Void
2022-08-31 10:26:15.846 [restartedMain] WARN  s.d.s.r.operation.OperationImplicitParameterReader - Unable to interpret the implicit parameter configuration with dataType: int, dataTypeClass: class java.lang.Void
2022-08-31 10:26:15.846 [restartedMain] WARN  s.d.s.r.operation.OperationImplicitParameterReader - Unable to interpret the implicit parameter configuration with dataType: int, dataTypeClass: class java.lang.Void
2022-08-31 10:26:15.850 [restartedMain] WARN  s.d.s.r.operation.OperationImplicitParameterReader - Unable to interpret the implicit parameter configuration with dataType: String, dataTypeClass: class java.lang.Void
2022-08-31 10:26:15.856 [restartedMain] WARN  s.d.s.r.operation.OperationImplicitParameterReader - Unable to interpret the implicit parameter configuration with dataType: String, dataTypeClass: class java.lang.Void
2022-08-31 10:26:15.870 [restartedMain] WARN  s.d.s.r.operation.OperationImplicitParameterReader - Unable to interpret the implicit parameter configuration with dataType: String, dataTypeClass: class java.lang.Void
2022-08-31 10:26:15.871 [restartedMain] WARN  s.d.s.r.operation.OperationImplicitParameterReader - Unable to interpret the implicit parameter configuration with dataType: String, dataTypeClass: class java.lang.Void
2022-08-31 10:26:15.871 [restartedMain] WARN  s.d.s.r.operation.OperationImplicitParameterReader - Unable to interpret the implicit parameter configuration with dataType: String, dataTypeClass: class java.lang.Void
2022-08-31 10:26:15.873 [restartedMain] WARN  s.d.s.r.operation.OperationImplicitParameterReader - Unable to interpret the implicit parameter configuration with dataType: int, dataTypeClass: class java.lang.Void
2022-08-31 10:26:15.879 [restartedMain] WARN  s.d.s.r.operation.OperationImplicitParameterReader - Unable to interpret the implicit parameter configuration with dataType: String, dataTypeClass: class java.lang.Void
2022-08-31 10:26:15.881 [restartedMain] WARN  s.d.s.r.operation.OperationImplicitParameterReader - Unable to interpret the implicit parameter configuration with dataType: int, dataTypeClass: class java.lang.Void
2022-08-31 10:26:15.881 [restartedMain] WARN  s.d.s.r.operation.OperationImplicitParameterReader - Unable to interpret the implicit parameter configuration with dataType: int, dataTypeClass: class java.lang.Void
2022-08-31 10:26:15.883 [restartedMain] WARN  s.d.s.r.operation.OperationImplicitParameterReader - Unable to interpret the implicit parameter configuration with dataType: String, dataTypeClass: class java.lang.Void
2022-08-31 10:26:15.885 [restartedMain] WARN  s.d.s.r.operation.OperationImplicitParameterReader - Unable to interpret the implicit parameter configuration with dataType: int, dataTypeClass: class java.lang.Void
2022-08-31 10:26:15.885 [restartedMain] WARN  s.d.s.r.operation.OperationImplicitParameterReader - Unable to interpret the implicit parameter configuration with dataType: int, dataTypeClass: class java.lang.Void
2022-08-31 10:26:15.886 [restartedMain] WARN  s.d.s.r.operation.OperationImplicitParameterReader - Unable to interpret the implicit parameter configuration with dataType: String, dataTypeClass: class java.lang.Void
2022-08-31 10:26:15.888 [restartedMain] WARN  s.d.s.r.operation.OperationImplicitParameterReader - Unable to interpret the implicit parameter configuration with dataType: String, dataTypeClass: class java.lang.Void
2022-08-31 10:26:15.889 [restartedMain] WARN  s.d.s.r.operation.OperationImplicitParameterReader - Unable to interpret the implicit parameter configuration with dataType: String, dataTypeClass: class java.lang.Void
2022-08-31 10:26:15.889 [restartedMain] WARN  s.d.s.r.operation.OperationImplicitParameterReader - Unable to interpret the implicit parameter configuration with dataType: String, dataTypeClass: class java.lang.Void
2022-08-31 10:26:15.891 [restartedMain] WARN  s.d.s.r.operation.OperationImplicitParameterReader - Unable to interpret the implicit parameter configuration with dataType: String, dataTypeClass: class java.lang.Void
2022-08-31 10:26:15.892 [restartedMain] WARN  s.d.s.r.operation.OperationImplicitParameterReader - Unable to interpret the implicit parameter configuration with dataType: __file, dataTypeClass: class java.lang.Void
2022-08-31 10:26:15.893 [restartedMain] WARN  s.d.builders.FormParameterSpecificationProvider - Parameter should either be a simple or a content type
2022-08-31 10:26:15.897 [restartedMain] WARN  s.d.s.r.operation.OperationImplicitParameterReader - Unable to interpret the implicit parameter configuration with dataType: , dataTypeClass: class java.lang.Void
2022-08-31 10:26:15.902 [restartedMain] WARN  s.d.s.r.operation.OperationImplicitParameterReader - Unable to interpret the implicit parameter configuration with dataType: String, dataTypeClass: class java.lang.Void
2022-08-31 10:26:15.902 [restartedMain] WARN  s.d.s.r.operation.OperationImplicitParameterReader - Unable to interpret the implicit parameter configuration with dataType: String, dataTypeClass: class java.lang.Void
2022-08-31 10:26:15.902 [restartedMain] WARN  s.d.s.r.operation.OperationImplicitParameterReader - Unable to interpret the implicit parameter configuration with dataType: String, dataTypeClass: class java.lang.Void
2022-08-31 10:26:15.914 [restartedMain] WARN  s.d.s.r.operation.OperationImplicitParameterReader - Unable to interpret the implicit parameter configuration with dataType: String, dataTypeClass: class java.lang.Void
2022-08-31 10:26:15.914 [restartedMain] WARN  s.d.s.r.operation.OperationImplicitParameterReader - Unable to interpret the implicit parameter configuration with dataType: String, dataTypeClass: class java.lang.Void
2022-08-31 10:26:15.915 [restartedMain] WARN  s.d.s.r.operation.OperationImplicitParameterReader - Unable to interpret the implicit parameter configuration with dataType: Long, dataTypeClass: class java.lang.Void
2022-08-31 10:26:15.917 [restartedMain] WARN  s.d.s.r.operation.OperationImplicitParameterReader - Unable to interpret the implicit parameter configuration with dataType: String, dataTypeClass: class java.lang.Void
2022-08-31 10:26:15.918 [restartedMain] WARN  s.d.s.r.operation.OperationImplicitParameterReader - Unable to interpret the implicit parameter configuration with dataType: Long, dataTypeClass: class java.lang.Void
2022-08-31 10:26:15.920 [restartedMain] WARN  s.d.s.r.operation.OperationImplicitParameterReader - Unable to interpret the implicit parameter configuration with dataType: String, dataTypeClass: class java.lang.Void
2022-08-31 10:26:15.920 [restartedMain] WARN  s.d.s.r.operation.OperationImplicitParameterReader - Unable to interpret the implicit parameter configuration with dataType: String, dataTypeClass: class java.lang.Void
2022-08-31 10:26:15.924 [restartedMain] WARN  s.d.s.r.operation.OperationImplicitParameterReader - Unable to interpret the implicit parameter configuration with dataType: Long, dataTypeClass: class java.lang.Void
2022-08-31 10:26:15.932 [restartedMain] WARN  s.d.s.r.operation.OperationImplicitParameterReader - Unable to interpret the implicit parameter configuration with dataType: String, dataTypeClass: class java.lang.Void
2022-08-31 10:26:15.932 [restartedMain] WARN  s.d.s.r.operation.OperationImplicitParameterReader - Unable to interpret the implicit parameter configuration with dataType: String, dataTypeClass: class java.lang.Void
2022-08-31 10:26:15.933 [restartedMain] WARN  s.d.builders.FormParameterSpecificationProvider - Parameter should either be a simple or a content type
2022-08-31 10:26:15.933 [restartedMain] WARN  s.d.s.r.operation.OperationImplicitParameterReader - Unable to interpret the implicit parameter configuration with dataType: String, dataTypeClass: class java.lang.Void
2022-08-31 10:26:15.933 [restartedMain] WARN  s.d.builders.FormParameterSpecificationProvider - Parameter should either be a simple or a content type
2022-08-31 10:26:15.933 [restartedMain] WARN  s.d.s.r.operation.OperationImplicitParameterReader - Unable to interpret the implicit parameter configuration with dataType: String, dataTypeClass: class java.lang.Void
2022-08-31 10:26:15.933 [restartedMain] WARN  s.d.builders.FormParameterSpecificationProvider - Parameter should either be a simple or a content type
2022-08-31 10:26:15.933 [restartedMain] WARN  s.d.s.r.operation.OperationImplicitParameterReader - Unable to interpret the implicit parameter configuration with dataType: String, dataTypeClass: class java.lang.Void
2022-08-31 10:26:15.933 [restartedMain] WARN  s.d.builders.FormParameterSpecificationProvider - Parameter should either be a simple or a content type
2022-08-31 10:26:15.933 [restartedMain] WARN  s.d.s.r.operation.OperationImplicitParameterReader - Unable to interpret the implicit parameter configuration with dataType: String, dataTypeClass: class java.lang.Void
2022-08-31 10:26:15.934 [restartedMain] WARN  s.d.builders.FormParameterSpecificationProvider - Parameter should either be a simple or a content type
2022-08-31 10:26:15.934 [restartedMain] WARN  s.d.s.r.operation.OperationImplicitParameterReader - Unable to interpret the implicit parameter configuration with dataType: String, dataTypeClass: class java.lang.Void
2022-08-31 10:26:15.934 [restartedMain] WARN  s.d.builders.FormParameterSpecificationProvider - Parameter should either be a simple or a content type
2022-08-31 10:26:15.934 [restartedMain] WARN  s.d.s.r.operation.OperationImplicitParameterReader - Unable to interpret the implicit parameter configuration with dataType: String, dataTypeClass: class java.lang.Void
2022-08-31 10:26:15.934 [restartedMain] WARN  s.d.builders.FormParameterSpecificationProvider - Parameter should either be a simple or a content type
2022-08-31 10:26:15.934 [restartedMain] WARN  s.d.s.r.operation.OperationImplicitParameterReader - Unable to interpret the implicit parameter configuration with dataType: String, dataTypeClass: class java.lang.Void
2022-08-31 10:26:15.934 [restartedMain] WARN  s.d.builders.FormParameterSpecificationProvider - Parameter should either be a simple or a content type
2022-08-31 10:26:15.934 [restartedMain] WARN  s.d.s.r.operation.OperationImplicitParameterReader - Unable to interpret the implicit parameter configuration with dataType: String, dataTypeClass: class java.lang.Void
2022-08-31 10:26:15.935 [restartedMain] WARN  s.d.builders.FormParameterSpecificationProvider - Parameter should either be a simple or a content type
2022-08-31 10:26:15.935 [restartedMain] WARN  s.d.s.r.operation.OperationImplicitParameterReader - Unable to interpret the implicit parameter configuration with dataType: String, dataTypeClass: class java.lang.Void
2022-08-31 10:26:15.935 [restartedMain] WARN  s.d.builders.FormParameterSpecificationProvider - Parameter should either be a simple or a content type
2022-08-31 10:26:15.935 [restartedMain] WARN  s.d.s.r.operation.OperationImplicitParameterReader - Unable to interpret the implicit parameter configuration with dataType: String, dataTypeClass: class java.lang.Void
2022-08-31 10:26:15.935 [restartedMain] WARN  s.d.builders.FormParameterSpecificationProvider - Parameter should either be a simple or a content type
2022-08-31 10:26:15.935 [restartedMain] WARN  s.d.s.r.operation.OperationImplicitParameterReader - Unable to interpret the implicit parameter configuration with dataType: String, dataTypeClass: class java.lang.Void
2022-08-31 10:26:15.935 [restartedMain] WARN  s.d.builders.FormParameterSpecificationProvider - Parameter should either be a simple or a content type
2022-08-31 10:26:15.940 [restartedMain] WARN  s.d.s.r.operation.OperationImplicitParameterReader - Unable to interpret the implicit parameter configuration with dataType: String, dataTypeClass: class java.lang.Void
2022-08-31 10:26:15.940 [restartedMain] WARN  s.d.s.r.operation.OperationImplicitParameterReader - Unable to interpret the implicit parameter configuration with dataType: String, dataTypeClass: class java.lang.Void
2022-08-31 10:26:15.940 [restartedMain] WARN  s.d.s.r.operation.OperationImplicitParameterReader - Unable to interpret the implicit parameter configuration with dataType: String, dataTypeClass: class java.lang.Void
2022-08-31 10:26:15.940 [restartedMain] WARN  s.d.s.r.operation.OperationImplicitParameterReader - Unable to interpret the implicit parameter configuration with dataType: String, dataTypeClass: class java.lang.Void
2022-08-31 10:26:15.941 [restartedMain] WARN  s.d.s.r.operation.OperationImplicitParameterReader - Unable to interpret the implicit parameter configuration with dataType: String, dataTypeClass: class java.lang.Void
2022-08-31 10:26:15.941 [restartedMain] WARN  s.d.s.r.operation.OperationImplicitParameterReader - Unable to interpret the implicit parameter configuration with dataType: boolean, dataTypeClass: class java.lang.Void
2022-08-31 10:26:15.941 [restartedMain] WARN  s.d.s.r.operation.OperationImplicitParameterReader - Unable to interpret the implicit parameter configuration with dataType: Integer, dataTypeClass: class java.lang.Void
2022-08-31 10:26:15.941 [restartedMain] WARN  s.d.s.r.operation.OperationImplicitParameterReader - Unable to interpret the implicit parameter configuration with dataType: Integer, dataTypeClass: class java.lang.Void
2022-08-31 10:26:15.941 [restartedMain] WARN  s.d.s.r.operation.OperationImplicitParameterReader - Unable to interpret the implicit parameter configuration with dataType: Integer, dataTypeClass: class java.lang.Void
2022-08-31 10:26:15.946 [restartedMain] WARN  s.d.s.r.operation.OperationImplicitParameterReader - Unable to interpret the implicit parameter configuration with dataType: String, dataTypeClass: class java.lang.Void
2022-08-31 10:26:15.946 [restartedMain] WARN  s.d.s.r.operation.OperationImplicitParameterReader - Unable to interpret the implicit parameter configuration with dataType: String, dataTypeClass: class java.lang.Void
2022-08-31 10:26:15.950 [restartedMain] WARN  s.d.s.r.operation.OperationImplicitParameterReader - Unable to interpret the implicit parameter configuration with dataType: String, dataTypeClass: class java.lang.Void
2022-08-31 10:26:15.950 [restartedMain] WARN  s.d.s.r.operation.OperationImplicitParameterReader - Unable to interpret the implicit parameter configuration with dataType: String, dataTypeClass: class java.lang.Void
2022-08-31 10:26:15.952 [restartedMain] WARN  s.d.s.r.operation.OperationImplicitParameterReader - Unable to interpret the implicit parameter configuration with dataType: String, dataTypeClass: class java.lang.Void
2022-08-31 10:26:15.953 [restartedMain] WARN  s.d.s.r.operation.OperationImplicitParameterReader - Unable to interpret the implicit parameter configuration with dataType: String, dataTypeClass: class java.lang.Void
2022-08-31 10:26:15.953 [restartedMain] WARN  s.d.s.r.operation.OperationImplicitParameterReader - Unable to interpret the implicit parameter configuration with dataType: __file, dataTypeClass: class java.lang.Void
2022-08-31 10:26:15.953 [restartedMain] WARN  s.d.builders.FormParameterSpecificationProvider - Parameter should either be a simple or a content type
2022-08-31 10:26:15.956 [restartedMain] WARN  s.d.s.r.operation.OperationImplicitParameterReader - Unable to interpret the implicit parameter configuration with dataType: String, dataTypeClass: class java.lang.Void
2022-08-31 10:26:15.958 [restartedMain] WARN  s.d.s.r.operation.OperationImplicitParameterReader - Unable to interpret the implicit parameter configuration with dataType: String, dataTypeClass: class java.lang.Void
2022-08-31 10:26:15.960 [restartedMain] WARN  s.d.s.r.operation.OperationImplicitParameterReader - Unable to interpret the implicit parameter configuration with dataType: String, dataTypeClass: class java.lang.Void
2022-08-31 10:26:15.961 [restartedMain] WARN  s.d.builders.FormParameterSpecificationProvider - Parameter should either be a simple or a content type
2022-08-31 10:26:15.961 [restartedMain] WARN  s.d.s.r.operation.OperationImplicitParameterReader - Unable to interpret the implicit parameter configuration with dataType: String, dataTypeClass: class java.lang.Void
2022-08-31 10:26:15.961 [restartedMain] WARN  s.d.builders.FormParameterSpecificationProvider - Parameter should either be a simple or a content type
2022-08-31 10:26:15.961 [restartedMain] WARN  s.d.s.r.operation.OperationImplicitParameterReader - Unable to interpret the implicit parameter configuration with dataType: String, dataTypeClass: class java.lang.Void
2022-08-31 10:26:15.961 [restartedMain] WARN  s.d.builders.FormParameterSpecificationProvider - Parameter should either be a simple or a content type
2022-08-31 10:26:15.961 [restartedMain] WARN  s.d.s.r.operation.OperationImplicitParameterReader - Unable to interpret the implicit parameter configuration with dataType: String, dataTypeClass: class java.lang.Void
2022-08-31 10:26:15.961 [restartedMain] WARN  s.d.builders.FormParameterSpecificationProvider - Parameter should either be a simple or a content type
2022-08-31 10:26:15.975 [restartedMain] WARN  s.d.s.r.operation.OperationImplicitParameterReader - Unable to interpret the implicit parameter configuration with dataType: String, dataTypeClass: class java.lang.Void
2022-08-31 10:26:15.975 [restartedMain] WARN  s.d.builders.FormParameterSpecificationProvider - Parameter should either be a simple or a content type
2022-08-31 10:26:15.975 [restartedMain] WARN  s.d.s.r.operation.OperationImplicitParameterReader - Unable to interpret the implicit parameter configuration with dataType: String, dataTypeClass: class java.lang.Void
2022-08-31 10:26:15.975 [restartedMain] WARN  s.d.builders.FormParameterSpecificationProvider - Parameter should either be a simple or a content type
2022-08-31 10:26:15.976 [restartedMain] WARN  s.d.s.r.operation.OperationImplicitParameterReader - Unable to interpret the implicit parameter configuration with dataType: String, dataTypeClass: class java.lang.Void
2022-08-31 10:26:15.976 [restartedMain] WARN  s.d.builders.FormParameterSpecificationProvider - Parameter should either be a simple or a content type
2022-08-31 10:26:15.977 [restartedMain] WARN  s.d.s.r.operation.OperationImplicitParameterReader - Unable to interpret the implicit parameter configuration with dataType: String, dataTypeClass: class java.lang.Void
2022-08-31 10:26:15.980 [restartedMain] WARN  s.d.s.r.operation.OperationImplicitParameterReader - Unable to interpret the implicit parameter configuration with dataType: , dataTypeClass: class java.lang.Void
2022-08-31 10:26:15.980 [restartedMain] WARN  s.d.builders.FormParameterSpecificationProvider - Parameter should either be a simple or a content type
2022-08-31 10:26:15.982 [restartedMain] WARN  s.d.s.r.operation.OperationImplicitParameterReader - Unable to interpret the implicit parameter configuration with dataType: String, dataTypeClass: class java.lang.Void
2022-08-31 10:26:15.982 [restartedMain] WARN  s.d.builders.FormParameterSpecificationProvider - Parameter should either be a simple or a content type
2022-08-31 10:26:15.983 [restartedMain] WARN  s.d.s.r.operation.OperationImplicitParameterReader - Unable to interpret the implicit parameter configuration with dataType: String, dataTypeClass: class java.lang.Void
2022-08-31 10:26:15.983 [restartedMain] WARN  s.d.builders.FormParameterSpecificationProvider - Parameter should either be a simple or a content type
2022-08-31 10:26:15.985 [restartedMain] WARN  s.d.s.r.operation.OperationImplicitParameterReader - Unable to interpret the implicit parameter configuration with dataType: string, dataTypeClass: class java.lang.Void
2022-08-31 10:26:15.995 [restartedMain] WARN  s.d.s.r.operation.OperationImplicitParameterReader - Unable to interpret the implicit parameter configuration with dataType: String, dataTypeClass: class java.lang.Void
2022-08-31 10:26:15.995 [restartedMain] WARN  s.d.builders.FormParameterSpecificationProvider - Parameter should either be a simple or a content type
2022-08-31 10:26:15.995 [restartedMain] WARN  s.d.s.r.operation.OperationImplicitParameterReader - Unable to interpret the implicit parameter configuration with dataType: String, dataTypeClass: class java.lang.Void
2022-08-31 10:26:15.995 [restartedMain] WARN  s.d.builders.FormParameterSpecificationProvider - Parameter should either be a simple or a content type
2022-08-31 10:26:15.997 [restartedMain] WARN  s.d.s.r.operation.OperationImplicitParameterReader - Unable to interpret the implicit parameter configuration with dataType: String, dataTypeClass: class java.lang.Void
2022-08-31 14:40:17.809 [MaintenanceTimer-1-thread-1] WARN  org.mongodb.driver.connection - Exception thrown during connection pool background maintenance task
com.mongodb.MongoSocketOpenException: Exception opening socket
	at com.mongodb.internal.connection.SocketStream.open(SocketStream.java:70)
	at com.mongodb.internal.connection.InternalStreamConnection.open(InternalStreamConnection.java:128)
	at com.mongodb.internal.connection.UsageTrackingInternalConnection.open(UsageTrackingInternalConnection.java:50)
	at com.mongodb.internal.connection.DefaultConnectionPool$UsageTrackingInternalConnectionItemFactory.create(DefaultConnectionPool.java:530)
	at com.mongodb.internal.connection.DefaultConnectionPool$UsageTrackingInternalConnectionItemFactory.create(DefaultConnectionPool.java:518)
	at com.mongodb.internal.connection.ConcurrentPool.createNewAndReleasePermitIfFailure(ConcurrentPool.java:181)
	at com.mongodb.internal.connection.ConcurrentPool.ensureMinSize(ConcurrentPool.java:175)
	at com.mongodb.internal.connection.DefaultConnectionPool$3.run(DefaultConnectionPool.java:317)
	at java.util.concurrent.Executors$RunnableAdapter.call(Executors.java:511)
	at java.util.concurrent.FutureTask.runAndReset(FutureTask.java:308)
	at java.util.concurrent.ScheduledThreadPoolExecutor$ScheduledFutureTask.access$301(ScheduledThreadPoolExecutor.java:180)
	at java.util.concurrent.ScheduledThreadPoolExecutor$ScheduledFutureTask.run(ScheduledThreadPoolExecutor.java:294)
	at java.util.concurrent.ThreadPoolExecutor.runWorker(ThreadPoolExecutor.java:1149)
	at java.util.concurrent.ThreadPoolExecutor$Worker.run(ThreadPoolExecutor.java:624)
	at java.lang.Thread.run(Thread.java:748)
Caused by: java.net.SocketTimeoutException: connect timed out
	at java.net.DualStackPlainSocketImpl.waitForConnect(Native Method)
	at java.net.DualStackPlainSocketImpl.socketConnect(DualStackPlainSocketImpl.java:85)
	at java.net.AbstractPlainSocketImpl.doConnect(AbstractPlainSocketImpl.java:350)
	at java.net.AbstractPlainSocketImpl.connectToAddress(AbstractPlainSocketImpl.java:206)
	at java.net.AbstractPlainSocketImpl.connect(AbstractPlainSocketImpl.java:188)
	at java.net.PlainSocketImpl.connect(PlainSocketImpl.java:172)
	at java.net.SocksSocketImpl.connect(SocksSocketImpl.java:392)
	at java.net.Socket.connect(Socket.java:589)
	at com.mongodb.internal.connection.SocketStreamHelper.initialize(SocketStreamHelper.java:64)
	at com.mongodb.internal.connection.SocketStream.initializeSocket(SocketStream.java:79)
	at com.mongodb.internal.connection.SocketStream.open(SocketStream.java:65)
	... 14 common frames omitted
